<?xml version="1.0" encoding="utf-8"?><testsuites><testsuite name="pytest" errors="0" failures="3" skipped="55" tests="1854" time="107.660" timestamp="2022-03-17T13:08:32.979092" hostname="gnosis"><testcase classname="" name="anndata.tests.test_dask" time="0.000"><skipped message="collection skipped">('/home/phil/Dev/Python/Single Cell/anndata/anndata/tests/test_dask.py', 9, "Skipped: could not import 'dask.array': No module named 'dask'")</skipped><skipped message="collection skipped">('/home/phil/Dev/Python/Single Cell/anndata/anndata/tests/test_dask.py', 9, "Skipped: could not import 'dask.array': No module named 'dask'")</skipped></testcase><testcase classname="anndata._warnings" name="anndata._warnings.ImplicitModificationWarning" time="0.002" /><testcase classname="anndata.utils" name="anndata.utils.make_index_unique" time="0.002" /><testcase classname="anndata._core.anndata" name="anndata._core.anndata.AnnData.concatenate" time="0.083" /><testcase classname="anndata._core.anndata" name="anndata._core.anndata.AnnData.obs_names_make_unique" time="0.002" /><testcase classname="anndata._core.anndata" name="anndata._core.anndata.AnnData.var_names_make_unique" time="0.002" /><testcase classname="anndata._core.merge" name="anndata._core.merge.concat" time="0.057" /><testcase classname="anndata._core.merge" name="anndata._core.merge.gen_reindexer" time="0.003" /><testcase classname="anndata._io.utils" name="anndata._io.utils.report_read_key_on_error" time="0.002" /><testcase classname="anndata._io.utils" name="anndata._io.utils.report_write_key_on_error" time="0.001" /><testcase classname="anndata.compat._overloaded_dict" name="anndata.compat._overloaded_dict._adjacency_getter" time="0.000"><skipped type="pytest.skip" message="all tests skipped by +SKIP option">/home/phil/Dev/Python/venvs/single-cell/lib/python3.9/site-packages/_pytest/doctest.py:448: all tests skipped by +SKIP option</skipped></testcase><testcase classname="anndata.compat._overloaded_dict" name="anndata.compat._overloaded_dict._adjacency_setter" time="0.000"><skipped type="pytest.skip" message="all tests skipped by +SKIP option">/home/phil/Dev/Python/venvs/single-cell/lib/python3.9/site-packages/_pytest/doctest.py:448: all tests skipped by +SKIP option</skipped></testcase><testcase classname="anndata.experimental.multi_files._anncollection" name="anndata.experimental.multi_files._anncollection.AnnCollection" time="0.660" /><testcase classname="anndata.tests.test_anncollection" name="test_full_selection[array]" time="0.010" /><testcase classname="anndata.tests.test_anncollection" name="test_full_selection[csr_matrix]" time="0.012" /><testcase classname="anndata.tests.test_anncollection" name="test_creation[array]" time="0.006" /><testcase classname="anndata.tests.test_anncollection" name="test_creation[csr_matrix]" time="0.007" /><testcase classname="anndata.tests.test_anncollection" name="test_convert[array]" time="0.004" /><testcase classname="anndata.tests.test_annot" name="test_str_to_categorical[object]" time="0.002" /><testcase classname="anndata.tests.test_annot" name="test_str_to_categorical[string]" time="0.003" /><testcase classname="anndata.tests.test_annot" name="test_to_categorical_ordering[object]" time="0.002" /><testcase classname="anndata.tests.test_annot" name="test_to_categorical_ordering[string]" time="0.003" /><testcase classname="anndata.tests.test_annot" name="test_non_str_to_not_categorical" time="0.005" /><testcase classname="anndata.tests.test_backed_sparse" name="test_backed_indexing[array_subset-array_subset]" time="0.039" /><testcase classname="anndata.tests.test_backed_sparse" name="test_backed_indexing[array_subset-slice_subset]" time="0.041" /><testcase classname="anndata.tests.test_backed_sparse" name="test_backed_indexing[array_subset-single_subset]" time="0.038" /><testcase classname="anndata.tests.test_backed_sparse" name="test_backed_indexing[array_subset-array_int_subset]" time="0.038" /><testcase classname="anndata.tests.test_backed_sparse" name="test_backed_indexing[array_subset-array_bool_subset]" time="0.094" /><testcase classname="anndata.tests.test_backed_sparse" name="test_backed_indexing[array_subset-matrix_bool_subset]" time="0.035" /><testcase classname="anndata.tests.test_backed_sparse" name="test_backed_indexing[array_subset-spmatrix_bool_subset]" time="0.037" /><testcase classname="anndata.tests.test_backed_sparse" name="test_backed_indexing[slice_subset-array_subset]" time="0.040" /><testcase classname="anndata.tests.test_backed_sparse" name="test_backed_indexing[slice_subset-slice_subset]" time="0.038" /><testcase classname="anndata.tests.test_backed_sparse" name="test_backed_indexing[slice_subset-single_subset]" time="0.036" /><testcase classname="anndata.tests.test_backed_sparse" name="test_backed_indexing[slice_subset-array_int_subset]" time="0.040" /><testcase classname="anndata.tests.test_backed_sparse" name="test_backed_indexing[slice_subset-array_bool_subset]" time="0.039" /><testcase classname="anndata.tests.test_backed_sparse" name="test_backed_indexing[slice_subset-matrix_bool_subset]" time="0.041" /><testcase classname="anndata.tests.test_backed_sparse" name="test_backed_indexing[slice_subset-spmatrix_bool_subset]" time="0.038" /><testcase classname="anndata.tests.test_backed_sparse" name="test_backed_indexing[single_subset-array_subset]" time="0.041" /><testcase classname="anndata.tests.test_backed_sparse" name="test_backed_indexing[single_subset-slice_subset]" time="0.035" /><testcase classname="anndata.tests.test_backed_sparse" name="test_backed_indexing[single_subset-single_subset]" time="0.034" /><testcase classname="anndata.tests.test_backed_sparse" name="test_backed_indexing[single_subset-array_int_subset]" time="0.039" /><testcase classname="anndata.tests.test_backed_sparse" name="test_backed_indexing[single_subset-array_bool_subset]" time="0.040" /><testcase classname="anndata.tests.test_backed_sparse" name="test_backed_indexing[single_subset-matrix_bool_subset]" time="0.037" /><testcase classname="anndata.tests.test_backed_sparse" name="test_backed_indexing[single_subset-spmatrix_bool_subset]" time="0.040" /><testcase classname="anndata.tests.test_backed_sparse" name="test_backed_indexing[array_int_subset-array_subset]" time="0.038" /><testcase classname="anndata.tests.test_backed_sparse" name="test_backed_indexing[array_int_subset-slice_subset]" time="0.041" /><testcase classname="anndata.tests.test_backed_sparse" name="test_backed_indexing[array_int_subset-single_subset]" time="0.039" /><testcase classname="anndata.tests.test_backed_sparse" name="test_backed_indexing[array_int_subset-array_int_subset]" time="0.035" /><testcase classname="anndata.tests.test_backed_sparse" name="test_backed_indexing[array_int_subset-array_bool_subset]" time="0.035" /><testcase classname="anndata.tests.test_backed_sparse" name="test_backed_indexing[array_int_subset-matrix_bool_subset]" time="0.037" /><testcase classname="anndata.tests.test_backed_sparse" name="test_backed_indexing[array_int_subset-spmatrix_bool_subset]" time="0.035" /><testcase classname="anndata.tests.test_backed_sparse" name="test_backed_indexing[array_bool_subset-array_subset]" time="0.036" /><testcase classname="anndata.tests.test_backed_sparse" name="test_backed_indexing[array_bool_subset-slice_subset]" time="0.038" /><testcase classname="anndata.tests.test_backed_sparse" name="test_backed_indexing[array_bool_subset-single_subset]" time="0.037" /><testcase classname="anndata.tests.test_backed_sparse" name="test_backed_indexing[array_bool_subset-array_int_subset]" time="0.035" /><testcase classname="anndata.tests.test_backed_sparse" name="test_backed_indexing[array_bool_subset-array_bool_subset]" time="0.036" /><testcase classname="anndata.tests.test_backed_sparse" name="test_backed_indexing[array_bool_subset-matrix_bool_subset]" time="0.035" /><testcase classname="anndata.tests.test_backed_sparse" name="test_backed_indexing[array_bool_subset-spmatrix_bool_subset]" time="0.036" /><testcase classname="anndata.tests.test_backed_sparse" name="test_backed_indexing[matrix_bool_subset-array_subset]" time="0.037" /><testcase classname="anndata.tests.test_backed_sparse" name="test_backed_indexing[matrix_bool_subset-slice_subset]" time="0.036" /><testcase classname="anndata.tests.test_backed_sparse" name="test_backed_indexing[matrix_bool_subset-single_subset]" time="0.040" /><testcase classname="anndata.tests.test_backed_sparse" name="test_backed_indexing[matrix_bool_subset-array_int_subset]" time="0.036" /><testcase classname="anndata.tests.test_backed_sparse" name="test_backed_indexing[matrix_bool_subset-array_bool_subset]" time="0.035" /><testcase classname="anndata.tests.test_backed_sparse" name="test_backed_indexing[matrix_bool_subset-matrix_bool_subset]" time="0.036" /><testcase classname="anndata.tests.test_backed_sparse" name="test_backed_indexing[matrix_bool_subset-spmatrix_bool_subset]" time="0.035" /><testcase classname="anndata.tests.test_backed_sparse" name="test_backed_indexing[spmatrix_bool_subset-array_subset]" time="0.036" /><testcase classname="anndata.tests.test_backed_sparse" name="test_backed_indexing[spmatrix_bool_subset-slice_subset]" time="0.039" /><testcase classname="anndata.tests.test_backed_sparse" name="test_backed_indexing[spmatrix_bool_subset-single_subset]" time="0.037" /><testcase classname="anndata.tests.test_backed_sparse" name="test_backed_indexing[spmatrix_bool_subset-array_int_subset]" time="0.035" /><testcase classname="anndata.tests.test_backed_sparse" name="test_backed_indexing[spmatrix_bool_subset-array_bool_subset]" time="0.036" /><testcase classname="anndata.tests.test_backed_sparse" name="test_backed_indexing[spmatrix_bool_subset-matrix_bool_subset]" time="0.036" /><testcase classname="anndata.tests.test_backed_sparse" name="test_backed_indexing[spmatrix_bool_subset-spmatrix_bool_subset]" time="0.037" /><testcase classname="anndata.tests.test_backed_sparse" name="test_dataset_append_memory[csr_matrix-vstack]" time="0.005" /><testcase classname="anndata.tests.test_backed_sparse" name="test_dataset_append_memory[csc_matrix-hstack]" time="0.005" /><testcase classname="anndata.tests.test_backed_sparse" name="test_dataset_append_disk[csr_matrix-vstack]" time="0.007" /><testcase classname="anndata.tests.test_backed_sparse" name="test_dataset_append_disk[csc_matrix-hstack]" time="0.006" /><testcase classname="anndata.tests.test_backed_sparse" name="test_wrong_shape[csr-a_shape0-b_shape0]" time="0.005" /><testcase classname="anndata.tests.test_backed_sparse" name="test_wrong_shape[csc-a_shape1-b_shape1]" time="0.005" /><testcase classname="anndata.tests.test_backed_sparse" name="test_wrong_formats" time="0.006" /><testcase classname="anndata.tests.test_base" name="test_creation" time="0.004" /><testcase classname="anndata.tests.test_base" name="test_create_with_dfs" time="0.002" /><testcase classname="anndata.tests.test_base" name="test_create_from_df" time="0.001" /><testcase classname="anndata.tests.test_base" name="test_create_from_sparse_df" time="0.007" /><testcase classname="anndata.tests.test_base" name="test_create_from_df_with_obs_and_var" time="0.003" /><testcase classname="anndata.tests.test_base" name="test_from_df_and_dict" time="0.002" /><testcase classname="anndata.tests.test_base" name="test_df_warnings" time="0.002" /><testcase classname="anndata.tests.test_base" name="test_attr_deletion" time="0.014" /><testcase classname="anndata.tests.test_base" name="test_names" time="0.002" /><testcase classname="anndata.tests.test_base" name="test_setting_index_names[obs_names-list]" time="0.002" /><testcase classname="anndata.tests.test_base" name="test_setting_index_names[obs_names-Series-str]" time="0.002" /><testcase classname="anndata.tests.test_base" name="test_setting_index_names[obs_names-Series-int]" time="0.002" /><testcase classname="anndata.tests.test_base" name="test_setting_index_names[var_names-list]" time="0.002" /><testcase classname="anndata.tests.test_base" name="test_setting_index_names[var_names-Series-str]" time="0.002" /><testcase classname="anndata.tests.test_base" name="test_setting_index_names[var_names-Series-int]" time="0.002" /><testcase classname="anndata.tests.test_base" name="test_setting_index_names_error[obs_names]" time="0.003" /><testcase classname="anndata.tests.test_base" name="test_setting_index_names_error[var_names]" time="0.002" /><testcase classname="anndata.tests.test_base" name="test_setting_dim_index[obs]" time="0.028" /><testcase classname="anndata.tests.test_base" name="test_setting_dim_index[var]" time="0.027" /><testcase classname="anndata.tests.test_base" name="test_indices_dtypes" time="0.002" /><testcase classname="anndata.tests.test_base" name="test_slicing" time="0.003" /><testcase classname="anndata.tests.test_base" name="test_boolean_slicing" time="0.007" /><testcase classname="anndata.tests.test_base" name="test_oob_boolean_slicing" time="0.002" /><testcase classname="anndata.tests.test_base" name="test_slicing_strings" time="0.003" /><testcase classname="anndata.tests.test_base" name="test_slicing_graphs" time="0.002" /><testcase classname="anndata.tests.test_base" name="test_slicing_series" time="0.003" /><testcase classname="anndata.tests.test_base" name="test_strings_to_categoricals" time="0.001" /><testcase classname="anndata.tests.test_base" name="test_slicing_remove_unused_categories" time="0.002" /><testcase classname="anndata.tests.test_base" name="test_get_subset_annotation" time="0.001" /><testcase classname="anndata.tests.test_base" name="test_append_col" time="0.001" /><testcase classname="anndata.tests.test_base" name="test_delete_col" time="0.001" /><testcase classname="anndata.tests.test_base" name="test_set_obs" time="0.001" /><testcase classname="anndata.tests.test_base" name="test_multicol" time="0.001" /><testcase classname="anndata.tests.test_base" name="test_n_obs" time="0.001" /><testcase classname="anndata.tests.test_base" name="test_equality_comparisons" time="0.001" /><testcase classname="anndata.tests.test_base" name="test_rename_categories" time="0.001" /><testcase classname="anndata.tests.test_base" name="test_pickle" time="0.001" /><testcase classname="anndata.tests.test_base" name="test_to_df_dense" time="0.001" /><testcase classname="anndata.tests.test_base" name="test_convenience" time="0.005" /><testcase classname="anndata.tests.test_base" name="test_1d_slice_dtypes" time="0.007" /><testcase classname="anndata.tests.test_base" name="test_to_df_sparse" time="0.000" /><testcase classname="anndata.tests.test_base" name="test_to_df_no_X" time="0.018" /><testcase classname="anndata.tests.test_base" name="test_copy" time="0.001" /><testcase classname="anndata.tests.test_concatenate" name="test_concat_interface_errors" time="0.016" /><testcase classname="anndata.tests.test_concatenate" name="test_concatenate_roundtrip[inner-np_array-concat_func0-False]" time="0.091" /><testcase classname="anndata.tests.test_concatenate" name="test_concatenate_roundtrip[inner-np_array-&lt;lambda&gt;-True]" time="0.082" /><testcase classname="anndata.tests.test_concatenate" name="test_concatenate_roundtrip[inner-scipy_csr-concat_func0-False]" time="0.072" /><testcase classname="anndata.tests.test_concatenate" name="test_concatenate_roundtrip[inner-scipy_csr-&lt;lambda&gt;-True]" time="0.099" /><testcase classname="anndata.tests.test_concatenate" name="test_concatenate_roundtrip[inner-scipy_csc-concat_func0-False]" time="0.100" /><testcase classname="anndata.tests.test_concatenate" name="test_concatenate_roundtrip[inner-scipy_csc-&lt;lambda&gt;-True]" time="0.091" /><testcase classname="anndata.tests.test_concatenate" name="test_concatenate_roundtrip[outer-np_array-concat_func0-False]" time="0.089" /><testcase classname="anndata.tests.test_concatenate" name="test_concatenate_roundtrip[outer-np_array-&lt;lambda&gt;-True]" time="0.081" /><testcase classname="anndata.tests.test_concatenate" name="test_concatenate_roundtrip[outer-scipy_csr-concat_func0-False]" time="0.089" /><testcase classname="anndata.tests.test_concatenate" name="test_concatenate_roundtrip[outer-scipy_csr-&lt;lambda&gt;-True]" time="0.081" /><testcase classname="anndata.tests.test_concatenate" name="test_concatenate_roundtrip[outer-scipy_csc-concat_func0-False]" time="0.090" /><testcase classname="anndata.tests.test_concatenate" name="test_concatenate_roundtrip[outer-scipy_csc-&lt;lambda&gt;-True]" time="0.092" /><testcase classname="anndata.tests.test_concatenate" name="test_concatenate_dense" time="0.040" /><testcase classname="anndata.tests.test_concatenate" name="test_concatenate_layers[np_array-inner]" time="0.017" /><testcase classname="anndata.tests.test_concatenate" name="test_concatenate_layers[np_array-outer]" time="0.016" /><testcase classname="anndata.tests.test_concatenate" name="test_concatenate_layers[scipy_csr-inner]" time="0.016" /><testcase classname="anndata.tests.test_concatenate" name="test_concatenate_layers[scipy_csr-outer]" time="0.016" /><testcase classname="anndata.tests.test_concatenate" name="test_concatenate_layers[scipy_csc-inner]" time="0.018" /><testcase classname="anndata.tests.test_concatenate" name="test_concatenate_layers[scipy_csc-outer]" time="0.018" /><testcase classname="anndata.tests.test_concatenate" name="test_concatenate_obsm_inner" time="0.015" /><testcase classname="anndata.tests.test_concatenate" name="test_concatenate_obsm_outer[0]" time="0.028" /><testcase classname="anndata.tests.test_concatenate" name="test_concatenate_obsm_outer[nan]" time="0.031" /><testcase classname="anndata.tests.test_concatenate" name="test_concatenate_obsm_outer[3.141592653589793]" time="0.030" /><testcase classname="anndata.tests.test_concatenate" name="test_concat_annot_join[inner]" time="0.008" /><testcase classname="anndata.tests.test_concatenate" name="test_concat_annot_join[outer]" time="0.010" /><testcase classname="anndata.tests.test_concatenate" name="test_concatenate_layers_misaligned[np_array-inner]" time="0.020" /><testcase classname="anndata.tests.test_concatenate" name="test_concatenate_layers_misaligned[np_array-outer]" time="0.021" /><testcase classname="anndata.tests.test_concatenate" name="test_concatenate_layers_misaligned[scipy_csr-inner]" time="0.023" /><testcase classname="anndata.tests.test_concatenate" name="test_concatenate_layers_misaligned[scipy_csr-outer]" time="0.023" /><testcase classname="anndata.tests.test_concatenate" name="test_concatenate_layers_misaligned[scipy_csc-inner]" time="0.026" /><testcase classname="anndata.tests.test_concatenate" name="test_concatenate_layers_misaligned[scipy_csc-outer]" time="0.025" /><testcase classname="anndata.tests.test_concatenate" name="test_concatenate_layers_outer[np_array-0]" time="0.008" /><testcase classname="anndata.tests.test_concatenate" name="test_concatenate_layers_outer[np_array-nan]" time="0.008" /><testcase classname="anndata.tests.test_concatenate" name="test_concatenate_layers_outer[np_array-3.141592653589793]" time="0.008" /><testcase classname="anndata.tests.test_concatenate" name="test_concatenate_layers_outer[scipy_csr-0]" time="0.008" /><testcase classname="anndata.tests.test_concatenate" name="test_concatenate_layers_outer[scipy_csr-nan]" time="0.009" /><testcase classname="anndata.tests.test_concatenate" name="test_concatenate_layers_outer[scipy_csr-3.141592653589793]" time="0.008" /><testcase classname="anndata.tests.test_concatenate" name="test_concatenate_layers_outer[scipy_csc-0]" time="0.009" /><testcase classname="anndata.tests.test_concatenate" name="test_concatenate_layers_outer[scipy_csc-nan]" time="0.009" /><testcase classname="anndata.tests.test_concatenate" name="test_concatenate_layers_outer[scipy_csc-3.141592653589793]" time="0.009" /><testcase classname="anndata.tests.test_concatenate" name="test_concatenate_fill_value[0]" time="0.056" /><testcase classname="anndata.tests.test_concatenate" name="test_concatenate_fill_value[nan]" time="0.061" /><testcase classname="anndata.tests.test_concatenate" name="test_concatenate_fill_value[3.141592653589793]" time="0.061" /><testcase classname="anndata.tests.test_concatenate" name="test_concatenate_dense_duplicates" time="0.014" /><testcase classname="anndata.tests.test_concatenate" name="test_concatenate_sparse" time="0.023" /><testcase classname="anndata.tests.test_concatenate" name="test_concatenate_mixed" time="0.019" /><testcase classname="anndata.tests.test_concatenate" name="test_concatenate_with_raw" time="0.060" /><testcase classname="anndata.tests.test_concatenate" name="test_pairwise_concat[0-np_array]" time="0.014" /><testcase classname="anndata.tests.test_concatenate" name="test_pairwise_concat[0-scipy_csr]" time="0.015" /><testcase classname="anndata.tests.test_concatenate" name="test_pairwise_concat[0-scipy_csc]" time="0.014" /><testcase classname="anndata.tests.test_concatenate" name="test_pairwise_concat[1-np_array]" time="0.015" /><testcase classname="anndata.tests.test_concatenate" name="test_pairwise_concat[1-scipy_csr]" time="0.014" /><testcase classname="anndata.tests.test_concatenate" name="test_pairwise_concat[1-scipy_csc]" time="0.015" /><testcase classname="anndata.tests.test_concatenate" name="test_nan_merge[0-inner-np_array]" time="0.006" /><testcase classname="anndata.tests.test_concatenate" name="test_nan_merge[0-inner-scipy_csr]" time="0.008" /><testcase classname="anndata.tests.test_concatenate" name="test_nan_merge[0-inner-scipy_csc]" time="0.007" /><testcase classname="anndata.tests.test_concatenate" name="test_nan_merge[0-outer-np_array]" time="0.005" /><testcase classname="anndata.tests.test_concatenate" name="test_nan_merge[0-outer-scipy_csr]" time="0.008" /><testcase classname="anndata.tests.test_concatenate" name="test_nan_merge[0-outer-scipy_csc]" time="0.007" /><testcase classname="anndata.tests.test_concatenate" name="test_nan_merge[1-inner-np_array]" time="0.006" /><testcase classname="anndata.tests.test_concatenate" name="test_nan_merge[1-inner-scipy_csr]" time="0.008" /><testcase classname="anndata.tests.test_concatenate" name="test_nan_merge[1-inner-scipy_csc]" time="0.008" /><testcase classname="anndata.tests.test_concatenate" name="test_nan_merge[1-outer-np_array]" time="0.006" /><testcase classname="anndata.tests.test_concatenate" name="test_nan_merge[1-outer-scipy_csr]" time="0.008" /><testcase classname="anndata.tests.test_concatenate" name="test_nan_merge[1-outer-scipy_csc]" time="0.008" /><testcase classname="anndata.tests.test_concatenate" name="test_merge_unique" time="0.001" /><testcase classname="anndata.tests.test_concatenate" name="test_merge_same" time="0.001" /><testcase classname="anndata.tests.test_concatenate" name="test_merge_first" time="0.000" /><testcase classname="anndata.tests.test_concatenate" name="test_concatenate_uns[unss0-None-result0-&lt;lambda&gt;]" time="0.007" /><testcase classname="anndata.tests.test_concatenate" name="test_concatenate_uns[unss1-first-result1-&lt;lambda&gt;]" time="0.007" /><testcase classname="anndata.tests.test_concatenate" name="test_concatenate_uns[unss2-unique-result2-&lt;lambda&gt;]" time="0.007" /><testcase classname="anndata.tests.test_concatenate" name="test_concatenate_uns[unss3-same-result3-&lt;lambda&gt;]" time="0.007" /><testcase classname="anndata.tests.test_concatenate" name="test_concatenate_uns[unss4-only-result4-&lt;lambda&gt;]" time="0.007" /><testcase classname="anndata.tests.test_concatenate" name="test_concatenate_uns[unss5-None-result5-gen_df]" time="0.009" /><testcase classname="anndata.tests.test_concatenate" name="test_concatenate_uns[unss6-first-result6-gen_df]" time="0.013" /><testcase classname="anndata.tests.test_concatenate" name="test_concatenate_uns[unss7-unique-result7-gen_df]" time="0.009" /><testcase classname="anndata.tests.test_concatenate" name="test_concatenate_uns[unss8-same-result8-gen_df]" time="0.009" /><testcase classname="anndata.tests.test_concatenate" name="test_concatenate_uns[unss9-only-result9-gen_df]" time="0.009" /><testcase classname="anndata.tests.test_concatenate" name="test_concatenate_uns[unss10-None-result10-gen_array]" time="0.007" /><testcase classname="anndata.tests.test_concatenate" name="test_concatenate_uns[unss11-first-result11-gen_array]" time="0.007" /><testcase classname="anndata.tests.test_concatenate" name="test_concatenate_uns[unss12-unique-result12-gen_array]" time="0.007" /><testcase classname="anndata.tests.test_concatenate" name="test_concatenate_uns[unss13-same-result13-gen_array]" time="0.007" /><testcase classname="anndata.tests.test_concatenate" name="test_concatenate_uns[unss14-only-result14-gen_array]" time="0.007" /><testcase classname="anndata.tests.test_concatenate" name="test_concatenate_uns[unss15-None-result15-gen_list]" time="0.007" /><testcase classname="anndata.tests.test_concatenate" name="test_concatenate_uns[unss16-first-result16-gen_list]" time="0.007" /><testcase classname="anndata.tests.test_concatenate" name="test_concatenate_uns[unss17-unique-result17-gen_list]" time="0.007" /><testcase classname="anndata.tests.test_concatenate" name="test_concatenate_uns[unss18-same-result18-gen_list]" time="0.007" /><testcase classname="anndata.tests.test_concatenate" name="test_concatenate_uns[unss19-only-result19-gen_list]" time="0.007" /><testcase classname="anndata.tests.test_concatenate" name="test_concatenate_uns[unss20-None-result20-gen_sparse]" time="0.007" /><testcase classname="anndata.tests.test_concatenate" name="test_concatenate_uns[unss21-first-result21-gen_sparse]" time="0.007" /><testcase classname="anndata.tests.test_concatenate" name="test_concatenate_uns[unss22-unique-result22-gen_sparse]" time="0.007" /><testcase classname="anndata.tests.test_concatenate" name="test_concatenate_uns[unss23-same-result23-gen_sparse]" time="0.008" /><testcase classname="anndata.tests.test_concatenate" name="test_concatenate_uns[unss24-only-result24-gen_sparse]" time="0.007" /><testcase classname="anndata.tests.test_concatenate" name="test_concatenate_uns[unss25-None-result25-gen_something]" time="0.007" /><testcase classname="anndata.tests.test_concatenate" name="test_concatenate_uns[unss26-first-result26-gen_something]" time="0.011" /><testcase classname="anndata.tests.test_concatenate" name="test_concatenate_uns[unss27-unique-result27-gen_something]" time="0.009" /><testcase classname="anndata.tests.test_concatenate" name="test_concatenate_uns[unss28-same-result28-gen_something]" time="0.007" /><testcase classname="anndata.tests.test_concatenate" name="test_concatenate_uns[unss29-only-result29-gen_something]" time="0.007" /><testcase classname="anndata.tests.test_concatenate" name="test_concatenate_uns[unss30-None-result30-&lt;lambda&gt;]" time="0.007" /><testcase classname="anndata.tests.test_concatenate" name="test_concatenate_uns[unss31-first-result31-&lt;lambda&gt;]" time="0.007" /><testcase classname="anndata.tests.test_concatenate" name="test_concatenate_uns[unss32-unique-result32-&lt;lambda&gt;]" time="0.007" /><testcase classname="anndata.tests.test_concatenate" name="test_concatenate_uns[unss33-same-result33-&lt;lambda&gt;]" time="0.007" /><testcase classname="anndata.tests.test_concatenate" name="test_concatenate_uns[unss34-only-result34-&lt;lambda&gt;]" time="0.007" /><testcase classname="anndata.tests.test_concatenate" name="test_concatenate_uns[unss35-None-result35-gen_df]" time="0.009" /><testcase classname="anndata.tests.test_concatenate" name="test_concatenate_uns[unss36-first-result36-gen_df]" time="0.015" /><testcase classname="anndata.tests.test_concatenate" name="test_concatenate_uns[unss37-unique-result37-gen_df]" time="0.014" /><testcase classname="anndata.tests.test_concatenate" name="test_concatenate_uns[unss38-same-result38-gen_df]" time="0.009" /><testcase classname="anndata.tests.test_concatenate" name="test_concatenate_uns[unss39-only-result39-gen_df]" time="0.014" /><testcase classname="anndata.tests.test_concatenate" name="test_concatenate_uns[unss40-None-result40-gen_array]" time="0.007" /><testcase classname="anndata.tests.test_concatenate" name="test_concatenate_uns[unss41-first-result41-gen_array]" time="0.007" /><testcase classname="anndata.tests.test_concatenate" name="test_concatenate_uns[unss42-unique-result42-gen_array]" time="0.007" /><testcase classname="anndata.tests.test_concatenate" name="test_concatenate_uns[unss43-same-result43-gen_array]" time="0.007" /><testcase classname="anndata.tests.test_concatenate" name="test_concatenate_uns[unss44-only-result44-gen_array]" time="0.007" /><testcase classname="anndata.tests.test_concatenate" name="test_concatenate_uns[unss45-None-result45-gen_list]" time="0.007" /><testcase classname="anndata.tests.test_concatenate" name="test_concatenate_uns[unss46-first-result46-gen_list]" time="0.007" /><testcase classname="anndata.tests.test_concatenate" name="test_concatenate_uns[unss47-unique-result47-gen_list]" time="0.007" /><testcase classname="anndata.tests.test_concatenate" name="test_concatenate_uns[unss48-same-result48-gen_list]" time="0.007" /><testcase classname="anndata.tests.test_concatenate" name="test_concatenate_uns[unss49-only-result49-gen_list]" time="0.007" /><testcase classname="anndata.tests.test_concatenate" name="test_concatenate_uns[unss50-None-result50-gen_sparse]" time="0.007" /><testcase classname="anndata.tests.test_concatenate" name="test_concatenate_uns[unss51-first-result51-gen_sparse]" time="0.008" /><testcase classname="anndata.tests.test_concatenate" name="test_concatenate_uns[unss52-unique-result52-gen_sparse]" time="0.007" /><testcase classname="anndata.tests.test_concatenate" name="test_concatenate_uns[unss53-same-result53-gen_sparse]" time="0.007" /><testcase classname="anndata.tests.test_concatenate" name="test_concatenate_uns[unss54-only-result54-gen_sparse]" time="0.007" /><testcase classname="anndata.tests.test_concatenate" name="test_concatenate_uns[unss55-None-result55-gen_something]" time="0.007" /><testcase classname="anndata.tests.test_concatenate" name="test_concatenate_uns[unss56-first-result56-gen_something]" time="0.007" /><testcase classname="anndata.tests.test_concatenate" name="test_concatenate_uns[unss57-unique-result57-gen_something]" time="0.007" /><testcase classname="anndata.tests.test_concatenate" name="test_concatenate_uns[unss58-same-result58-gen_something]" time="0.008" /><testcase classname="anndata.tests.test_concatenate" name="test_concatenate_uns[unss59-only-result59-gen_something]" time="0.008" /><testcase classname="anndata.tests.test_concatenate" name="test_concatenate_uns[unss60-None-result60-&lt;lambda&gt;]" time="0.007" /><testcase classname="anndata.tests.test_concatenate" name="test_concatenate_uns[unss61-first-result61-&lt;lambda&gt;]" time="0.007" /><testcase classname="anndata.tests.test_concatenate" name="test_concatenate_uns[unss62-unique-result62-&lt;lambda&gt;]" time="0.007" /><testcase classname="anndata.tests.test_concatenate" name="test_concatenate_uns[unss63-same-result63-&lt;lambda&gt;]" time="0.007" /><testcase classname="anndata.tests.test_concatenate" name="test_concatenate_uns[unss64-only-result64-&lt;lambda&gt;]" time="0.007" /><testcase classname="anndata.tests.test_concatenate" name="test_concatenate_uns[unss65-None-result65-gen_df]" time="0.011" /><testcase classname="anndata.tests.test_concatenate" name="test_concatenate_uns[unss66-first-result66-gen_df]" time="0.020" /><testcase classname="anndata.tests.test_concatenate" name="test_concatenate_uns[unss67-unique-result67-gen_df]" time="0.021" /><testcase classname="anndata.tests.test_concatenate" name="test_concatenate_uns[unss68-same-result68-gen_df]" time="0.015" /><testcase classname="anndata.tests.test_concatenate" name="test_concatenate_uns[unss69-only-result69-gen_df]" time="0.017" /><testcase classname="anndata.tests.test_concatenate" name="test_concatenate_uns[unss70-None-result70-gen_array]" time="0.007" /><testcase classname="anndata.tests.test_concatenate" name="test_concatenate_uns[unss71-first-result71-gen_array]" time="0.007" /><testcase classname="anndata.tests.test_concatenate" name="test_concatenate_uns[unss72-unique-result72-gen_array]" time="0.007" /><testcase classname="anndata.tests.test_concatenate" name="test_concatenate_uns[unss73-same-result73-gen_array]" time="0.007" /><testcase classname="anndata.tests.test_concatenate" name="test_concatenate_uns[unss74-only-result74-gen_array]" time="0.007" /><testcase classname="anndata.tests.test_concatenate" name="test_concatenate_uns[unss75-None-result75-gen_list]" time="0.007" /><testcase classname="anndata.tests.test_concatenate" name="test_concatenate_uns[unss76-first-result76-gen_list]" time="0.007" /><testcase classname="anndata.tests.test_concatenate" name="test_concatenate_uns[unss77-unique-result77-gen_list]" time="0.007" /><testcase classname="anndata.tests.test_concatenate" name="test_concatenate_uns[unss78-same-result78-gen_list]" time="0.007" /><testcase classname="anndata.tests.test_concatenate" name="test_concatenate_uns[unss79-only-result79-gen_list]" time="0.007" /><testcase classname="anndata.tests.test_concatenate" name="test_concatenate_uns[unss80-None-result80-gen_sparse]" time="0.007" /><testcase classname="anndata.tests.test_concatenate" name="test_concatenate_uns[unss81-first-result81-gen_sparse]" time="0.008" /><testcase classname="anndata.tests.test_concatenate" name="test_concatenate_uns[unss82-unique-result82-gen_sparse]" time="0.008" /><testcase classname="anndata.tests.test_concatenate" name="test_concatenate_uns[unss83-same-result83-gen_sparse]" time="0.008" /><testcase classname="anndata.tests.test_concatenate" name="test_concatenate_uns[unss84-only-result84-gen_sparse]" time="0.008" /><testcase classname="anndata.tests.test_concatenate" name="test_concatenate_uns[unss85-None-result85-gen_something]" time="0.009" /><testcase classname="anndata.tests.test_concatenate" name="test_concatenate_uns[unss86-first-result86-gen_something]" time="0.010" /><testcase classname="anndata.tests.test_concatenate" name="test_concatenate_uns[unss87-unique-result87-gen_something]" time="0.009" /><testcase classname="anndata.tests.test_concatenate" name="test_concatenate_uns[unss88-same-result88-gen_something]" time="0.008" /><testcase classname="anndata.tests.test_concatenate" name="test_concatenate_uns[unss89-only-result89-gen_something]" time="0.011" /><testcase classname="anndata.tests.test_concatenate" name="test_concatenate_uns[unss90-None-result90-&lt;lambda&gt;]" time="0.010" /><testcase classname="anndata.tests.test_concatenate" name="test_concatenate_uns[unss91-first-result91-&lt;lambda&gt;]" time="0.009" /><testcase classname="anndata.tests.test_concatenate" name="test_concatenate_uns[unss92-unique-result92-&lt;lambda&gt;]" time="0.010" /><testcase classname="anndata.tests.test_concatenate" name="test_concatenate_uns[unss93-same-result93-&lt;lambda&gt;]" time="0.009" /><testcase classname="anndata.tests.test_concatenate" name="test_concatenate_uns[unss94-only-result94-&lt;lambda&gt;]" time="0.009" /><testcase classname="anndata.tests.test_concatenate" name="test_concatenate_uns[unss95-None-result95-gen_df]" time="0.016" /><testcase classname="anndata.tests.test_concatenate" name="test_concatenate_uns[unss96-first-result96-gen_df]" time="0.028" /><testcase classname="anndata.tests.test_concatenate" name="test_concatenate_uns[unss97-unique-result97-gen_df]" time="0.027" /><testcase classname="anndata.tests.test_concatenate" name="test_concatenate_uns[unss98-same-result98-gen_df]" time="0.016" /><testcase classname="anndata.tests.test_concatenate" name="test_concatenate_uns[unss99-only-result99-gen_df]" time="0.022" /><testcase classname="anndata.tests.test_concatenate" name="test_concatenate_uns[unss100-None-result100-gen_array]" time="0.010" /><testcase classname="anndata.tests.test_concatenate" name="test_concatenate_uns[unss101-first-result101-gen_array]" time="0.009" /><testcase classname="anndata.tests.test_concatenate" name="test_concatenate_uns[unss102-unique-result102-gen_array]" time="0.010" /><testcase classname="anndata.tests.test_concatenate" name="test_concatenate_uns[unss103-same-result103-gen_array]" time="0.009" /><testcase classname="anndata.tests.test_concatenate" name="test_concatenate_uns[unss104-only-result104-gen_array]" time="0.010" /><testcase classname="anndata.tests.test_concatenate" name="test_concatenate_uns[unss105-None-result105-gen_list]" time="0.009" /><testcase classname="anndata.tests.test_concatenate" name="test_concatenate_uns[unss106-first-result106-gen_list]" time="0.009" /><testcase classname="anndata.tests.test_concatenate" name="test_concatenate_uns[unss107-unique-result107-gen_list]" time="0.009" /><testcase classname="anndata.tests.test_concatenate" name="test_concatenate_uns[unss108-same-result108-gen_list]" time="0.009" /><testcase classname="anndata.tests.test_concatenate" name="test_concatenate_uns[unss109-only-result109-gen_list]" time="0.009" /><testcase classname="anndata.tests.test_concatenate" name="test_concatenate_uns[unss110-None-result110-gen_sparse]" time="0.010" /><testcase classname="anndata.tests.test_concatenate" name="test_concatenate_uns[unss111-first-result111-gen_sparse]" time="0.011" /><testcase classname="anndata.tests.test_concatenate" name="test_concatenate_uns[unss112-unique-result112-gen_sparse]" time="0.012" /><testcase classname="anndata.tests.test_concatenate" name="test_concatenate_uns[unss113-same-result113-gen_sparse]" time="0.010" /><testcase classname="anndata.tests.test_concatenate" name="test_concatenate_uns[unss114-only-result114-gen_sparse]" time="0.010" /><testcase classname="anndata.tests.test_concatenate" name="test_concatenate_uns[unss115-None-result115-gen_something]" time="0.010" /><testcase classname="anndata.tests.test_concatenate" name="test_concatenate_uns[unss116-first-result116-gen_something]" time="0.016" /><testcase classname="anndata.tests.test_concatenate" name="test_concatenate_uns[unss117-unique-result117-gen_something]" time="0.013" /><testcase classname="anndata.tests.test_concatenate" name="test_concatenate_uns[unss118-same-result118-gen_something]" time="0.012" /><testcase classname="anndata.tests.test_concatenate" name="test_concatenate_uns[unss119-only-result119-gen_something]" time="0.015" /><testcase classname="anndata.tests.test_concatenate" name="test_concatenate_uns[unss120-None-result120-&lt;lambda&gt;]" time="0.023" /><testcase classname="anndata.tests.test_concatenate" name="test_concatenate_uns[unss121-first-result121-&lt;lambda&gt;]" time="0.023" /><testcase classname="anndata.tests.test_concatenate" name="test_concatenate_uns[unss122-unique-result122-&lt;lambda&gt;]" time="0.023" /><testcase classname="anndata.tests.test_concatenate" name="test_concatenate_uns[unss123-same-result123-&lt;lambda&gt;]" time="0.024" /><testcase classname="anndata.tests.test_concatenate" name="test_concatenate_uns[unss124-only-result124-&lt;lambda&gt;]" time="0.023" /><testcase classname="anndata.tests.test_concatenate" name="test_concatenate_uns[unss125-None-result125-gen_df]" time="0.037" /><testcase classname="anndata.tests.test_concatenate" name="test_concatenate_uns[unss126-first-result126-gen_df]" time="0.040" /><testcase classname="anndata.tests.test_concatenate" name="test_concatenate_uns[unss127-unique-result127-gen_df]" time="0.039" /><testcase classname="anndata.tests.test_concatenate" name="test_concatenate_uns[unss128-same-result128-gen_df]" time="0.038" /><testcase classname="anndata.tests.test_concatenate" name="test_concatenate_uns[unss129-only-result129-gen_df]" time="0.037" /><testcase classname="anndata.tests.test_concatenate" name="test_concatenate_uns[unss130-None-result130-gen_array]" time="0.025" /><testcase classname="anndata.tests.test_concatenate" name="test_concatenate_uns[unss131-first-result131-gen_array]" time="0.023" /><testcase classname="anndata.tests.test_concatenate" name="test_concatenate_uns[unss132-unique-result132-gen_array]" time="0.023" /><testcase classname="anndata.tests.test_concatenate" name="test_concatenate_uns[unss133-same-result133-gen_array]" time="0.023" /><testcase classname="anndata.tests.test_concatenate" name="test_concatenate_uns[unss134-only-result134-gen_array]" time="0.023" /><testcase classname="anndata.tests.test_concatenate" name="test_concatenate_uns[unss135-None-result135-gen_list]" time="0.024" /><testcase classname="anndata.tests.test_concatenate" name="test_concatenate_uns[unss136-first-result136-gen_list]" time="0.023" /><testcase classname="anndata.tests.test_concatenate" name="test_concatenate_uns[unss137-unique-result137-gen_list]" time="0.023" /><testcase classname="anndata.tests.test_concatenate" name="test_concatenate_uns[unss138-same-result138-gen_list]" time="0.023" /><testcase classname="anndata.tests.test_concatenate" name="test_concatenate_uns[unss139-only-result139-gen_list]" time="0.024" /><testcase classname="anndata.tests.test_concatenate" name="test_concatenate_uns[unss140-None-result140-gen_sparse]" time="0.025" /><testcase classname="anndata.tests.test_concatenate" name="test_concatenate_uns[unss141-first-result141-gen_sparse]" time="0.025" /><testcase classname="anndata.tests.test_concatenate" name="test_concatenate_uns[unss142-unique-result142-gen_sparse]" time="0.025" /><testcase classname="anndata.tests.test_concatenate" name="test_concatenate_uns[unss143-same-result143-gen_sparse]" time="0.025" /><testcase classname="anndata.tests.test_concatenate" name="test_concatenate_uns[unss144-only-result144-gen_sparse]" time="0.026" /><testcase classname="anndata.tests.test_concatenate" name="test_concatenate_uns[unss145-None-result145-gen_something]" time="0.026" /><testcase classname="anndata.tests.test_concatenate" name="test_concatenate_uns[unss146-first-result146-gen_something]" time="0.026" /><testcase classname="anndata.tests.test_concatenate" name="test_concatenate_uns[unss147-unique-result147-gen_something]" time="0.027" /><testcase classname="anndata.tests.test_concatenate" name="test_concatenate_uns[unss148-same-result148-gen_something]" time="0.028" /><testcase classname="anndata.tests.test_concatenate" name="test_concatenate_uns[unss149-only-result149-gen_something]" time="0.029" /><testcase classname="anndata.tests.test_concatenate" name="test_concatenate_uns[unss150-None-result150-&lt;lambda&gt;]" time="0.018" /><testcase classname="anndata.tests.test_concatenate" name="test_concatenate_uns[unss151-first-result151-&lt;lambda&gt;]" time="0.018" /><testcase classname="anndata.tests.test_concatenate" name="test_concatenate_uns[unss152-unique-result152-&lt;lambda&gt;]" time="0.018" /><testcase classname="anndata.tests.test_concatenate" name="test_concatenate_uns[unss153-same-result153-&lt;lambda&gt;]" time="0.020" /><testcase classname="anndata.tests.test_concatenate" name="test_concatenate_uns[unss154-only-result154-&lt;lambda&gt;]" time="0.018" /><testcase classname="anndata.tests.test_concatenate" name="test_concatenate_uns[unss155-None-result155-gen_df]" time="0.029" /><testcase classname="anndata.tests.test_concatenate" name="test_concatenate_uns[unss156-first-result156-gen_df]" time="0.032" /><testcase classname="anndata.tests.test_concatenate" name="test_concatenate_uns[unss157-unique-result157-gen_df]" time="0.036" /><testcase classname="anndata.tests.test_concatenate" name="test_concatenate_uns[unss158-same-result158-gen_df]" time="0.035" /><testcase classname="anndata.tests.test_concatenate" name="test_concatenate_uns[unss159-only-result159-gen_df]" time="0.031" /><testcase classname="anndata.tests.test_concatenate" name="test_concatenate_uns[unss160-None-result160-gen_array]" time="0.018" /><testcase classname="anndata.tests.test_concatenate" name="test_concatenate_uns[unss161-first-result161-gen_array]" time="0.018" /><testcase classname="anndata.tests.test_concatenate" name="test_concatenate_uns[unss162-unique-result162-gen_array]" time="0.019" /><testcase classname="anndata.tests.test_concatenate" name="test_concatenate_uns[unss163-same-result163-gen_array]" time="0.020" /><testcase classname="anndata.tests.test_concatenate" name="test_concatenate_uns[unss164-only-result164-gen_array]" time="0.018" /><testcase classname="anndata.tests.test_concatenate" name="test_concatenate_uns[unss165-None-result165-gen_list]" time="0.020" /><testcase classname="anndata.tests.test_concatenate" name="test_concatenate_uns[unss166-first-result166-gen_list]" time="0.018" /><testcase classname="anndata.tests.test_concatenate" name="test_concatenate_uns[unss167-unique-result167-gen_list]" time="0.018" /><testcase classname="anndata.tests.test_concatenate" name="test_concatenate_uns[unss168-same-result168-gen_list]" time="0.018" /><testcase classname="anndata.tests.test_concatenate" name="test_concatenate_uns[unss169-only-result169-gen_list]" time="0.019" /><testcase classname="anndata.tests.test_concatenate" name="test_concatenate_uns[unss170-None-result170-gen_sparse]" time="0.020" /><testcase classname="anndata.tests.test_concatenate" name="test_concatenate_uns[unss171-first-result171-gen_sparse]" time="0.021" /><testcase classname="anndata.tests.test_concatenate" name="test_concatenate_uns[unss172-unique-result172-gen_sparse]" time="0.022" /><testcase classname="anndata.tests.test_concatenate" name="test_concatenate_uns[unss173-same-result173-gen_sparse]" time="0.022" /><testcase classname="anndata.tests.test_concatenate" name="test_concatenate_uns[unss174-only-result174-gen_sparse]" time="0.019" /><testcase classname="anndata.tests.test_concatenate" name="test_concatenate_uns[unss175-None-result175-gen_something]" time="0.022" /><testcase classname="anndata.tests.test_concatenate" name="test_concatenate_uns[unss176-first-result176-gen_something]" time="0.020" /><testcase classname="anndata.tests.test_concatenate" name="test_concatenate_uns[unss177-unique-result177-gen_something]" time="0.022" /><testcase classname="anndata.tests.test_concatenate" name="test_concatenate_uns[unss178-same-result178-gen_something]" time="0.031" /><testcase classname="anndata.tests.test_concatenate" name="test_concatenate_uns[unss179-only-result179-gen_something]" time="0.022" /><testcase classname="anndata.tests.test_concatenate" name="test_transposed_concat[np_array-0-inner-None-0]" time="0.039" /><testcase classname="anndata.tests.test_concatenate" name="test_transposed_concat[np_array-0-inner-None-nan]" time="0.039" /><testcase classname="anndata.tests.test_concatenate" name="test_transposed_concat[np_array-0-inner-None-3.141592653589793]" time="0.040" /><testcase classname="anndata.tests.test_concatenate" name="test_transposed_concat[np_array-0-inner-same-0]" time="0.044" /><testcase classname="anndata.tests.test_concatenate" name="test_transposed_concat[np_array-0-inner-same-nan]" time="0.043" /><testcase classname="anndata.tests.test_concatenate" name="test_transposed_concat[np_array-0-inner-same-3.141592653589793]" time="0.043" /><testcase classname="anndata.tests.test_concatenate" name="test_transposed_concat[np_array-0-inner-unique-0]" time="0.043" /><testcase classname="anndata.tests.test_concatenate" name="test_transposed_concat[np_array-0-inner-unique-nan]" time="0.043" /><testcase classname="anndata.tests.test_concatenate" name="test_transposed_concat[np_array-0-inner-unique-3.141592653589793]" time="0.043" /><testcase classname="anndata.tests.test_concatenate" name="test_transposed_concat[np_array-0-inner-first-0]" time="0.049" /><testcase classname="anndata.tests.test_concatenate" name="test_transposed_concat[np_array-0-inner-first-nan]" time="0.047" /><testcase classname="anndata.tests.test_concatenate" name="test_transposed_concat[np_array-0-inner-first-3.141592653589793]" time="0.048" /><testcase classname="anndata.tests.test_concatenate" name="test_transposed_concat[np_array-0-inner-only-0]" time="0.040" /><testcase classname="anndata.tests.test_concatenate" name="test_transposed_concat[np_array-0-inner-only-nan]" time="0.041" /><testcase classname="anndata.tests.test_concatenate" name="test_transposed_concat[np_array-0-inner-only-3.141592653589793]" time="0.040" /><testcase classname="anndata.tests.test_concatenate" name="test_transposed_concat[np_array-0-outer-None-0]" time="0.043" /><testcase classname="anndata.tests.test_concatenate" name="test_transposed_concat[np_array-0-outer-None-nan]" time="0.045" /><testcase classname="anndata.tests.test_concatenate" name="test_transposed_concat[np_array-0-outer-None-3.141592653589793]" time="0.044" /><testcase classname="anndata.tests.test_concatenate" name="test_transposed_concat[np_array-0-outer-same-0]" time="0.048" /><testcase classname="anndata.tests.test_concatenate" name="test_transposed_concat[np_array-0-outer-same-nan]" time="0.048" /><testcase classname="anndata.tests.test_concatenate" name="test_transposed_concat[np_array-0-outer-same-3.141592653589793]" time="0.048" /><testcase classname="anndata.tests.test_concatenate" name="test_transposed_concat[np_array-0-outer-unique-0]" time="0.046" /><testcase classname="anndata.tests.test_concatenate" name="test_transposed_concat[np_array-0-outer-unique-nan]" time="0.049" /><testcase classname="anndata.tests.test_concatenate" name="test_transposed_concat[np_array-0-outer-unique-3.141592653589793]" time="0.048" /><testcase classname="anndata.tests.test_concatenate" name="test_transposed_concat[np_array-0-outer-first-0]" time="0.050" /><testcase classname="anndata.tests.test_concatenate" name="test_transposed_concat[np_array-0-outer-first-nan]" time="0.051" /><testcase classname="anndata.tests.test_concatenate" name="test_transposed_concat[np_array-0-outer-first-3.141592653589793]" time="0.051" /><testcase classname="anndata.tests.test_concatenate" name="test_transposed_concat[np_array-0-outer-only-0]" time="0.046" /><testcase classname="anndata.tests.test_concatenate" name="test_transposed_concat[np_array-0-outer-only-nan]" time="0.046" /><testcase classname="anndata.tests.test_concatenate" name="test_transposed_concat[np_array-0-outer-only-3.141592653589793]" time="0.044" /><testcase classname="anndata.tests.test_concatenate" name="test_transposed_concat[np_array-1-inner-None-0]" time="0.035" /><testcase classname="anndata.tests.test_concatenate" name="test_transposed_concat[np_array-1-inner-None-nan]" time="0.035" /><testcase classname="anndata.tests.test_concatenate" name="test_transposed_concat[np_array-1-inner-None-3.141592653589793]" time="0.035" /><testcase classname="anndata.tests.test_concatenate" name="test_transposed_concat[np_array-1-inner-same-0]" time="0.039" /><testcase classname="anndata.tests.test_concatenate" name="test_transposed_concat[np_array-1-inner-same-nan]" time="0.040" /><testcase classname="anndata.tests.test_concatenate" name="test_transposed_concat[np_array-1-inner-same-3.141592653589793]" time="0.040" /><testcase classname="anndata.tests.test_concatenate" name="test_transposed_concat[np_array-1-inner-unique-0]" time="0.040" /><testcase classname="anndata.tests.test_concatenate" name="test_transposed_concat[np_array-1-inner-unique-nan]" time="0.039" /><testcase classname="anndata.tests.test_concatenate" name="test_transposed_concat[np_array-1-inner-unique-3.141592653589793]" time="0.039" /><testcase classname="anndata.tests.test_concatenate" name="test_transposed_concat[np_array-1-inner-first-0]" time="0.042" /><testcase classname="anndata.tests.test_concatenate" name="test_transposed_concat[np_array-1-inner-first-nan]" time="0.044" /><testcase classname="anndata.tests.test_concatenate" name="test_transposed_concat[np_array-1-inner-first-3.141592653589793]" time="0.042" /><testcase classname="anndata.tests.test_concatenate" name="test_transposed_concat[np_array-1-inner-only-0]" time="0.036" /><testcase classname="anndata.tests.test_concatenate" name="test_transposed_concat[np_array-1-inner-only-nan]" time="0.036" /><testcase classname="anndata.tests.test_concatenate" name="test_transposed_concat[np_array-1-inner-only-3.141592653589793]" time="0.036" /><testcase classname="anndata.tests.test_concatenate" name="test_transposed_concat[np_array-1-outer-None-0]" time="0.034" /><testcase classname="anndata.tests.test_concatenate" name="test_transposed_concat[np_array-1-outer-None-nan]" time="0.035" /><testcase classname="anndata.tests.test_concatenate" name="test_transposed_concat[np_array-1-outer-None-3.141592653589793]" time="0.036" /><testcase classname="anndata.tests.test_concatenate" name="test_transposed_concat[np_array-1-outer-same-0]" time="0.039" /><testcase classname="anndata.tests.test_concatenate" name="test_transposed_concat[np_array-1-outer-same-nan]" time="0.038" /><testcase classname="anndata.tests.test_concatenate" name="test_transposed_concat[np_array-1-outer-same-3.141592653589793]" time="0.039" /><testcase classname="anndata.tests.test_concatenate" name="test_transposed_concat[np_array-1-outer-unique-0]" time="0.039" /><testcase classname="anndata.tests.test_concatenate" name="test_transposed_concat[np_array-1-outer-unique-nan]" time="0.039" /><testcase classname="anndata.tests.test_concatenate" name="test_transposed_concat[np_array-1-outer-unique-3.141592653589793]" time="0.040" /><testcase classname="anndata.tests.test_concatenate" name="test_transposed_concat[np_array-1-outer-first-0]" time="0.042" /><testcase classname="anndata.tests.test_concatenate" name="test_transposed_concat[np_array-1-outer-first-nan]" time="0.042" /><testcase classname="anndata.tests.test_concatenate" name="test_transposed_concat[np_array-1-outer-first-3.141592653589793]" time="0.042" /><testcase classname="anndata.tests.test_concatenate" name="test_transposed_concat[np_array-1-outer-only-0]" time="0.036" /><testcase classname="anndata.tests.test_concatenate" name="test_transposed_concat[np_array-1-outer-only-nan]" time="0.036" /><testcase classname="anndata.tests.test_concatenate" name="test_transposed_concat[np_array-1-outer-only-3.141592653589793]" time="0.037" /><testcase classname="anndata.tests.test_concatenate" name="test_transposed_concat[scipy_csr-0-inner-None-0]" time="0.042" /><testcase classname="anndata.tests.test_concatenate" name="test_transposed_concat[scipy_csr-0-inner-None-nan]" time="0.041" /><testcase classname="anndata.tests.test_concatenate" name="test_transposed_concat[scipy_csr-0-inner-None-3.141592653589793]" time="0.041" /><testcase classname="anndata.tests.test_concatenate" name="test_transposed_concat[scipy_csr-0-inner-same-0]" time="0.044" /><testcase classname="anndata.tests.test_concatenate" name="test_transposed_concat[scipy_csr-0-inner-same-nan]" time="0.045" /><testcase classname="anndata.tests.test_concatenate" name="test_transposed_concat[scipy_csr-0-inner-same-3.141592653589793]" time="0.118" /><testcase classname="anndata.tests.test_concatenate" name="test_transposed_concat[scipy_csr-0-inner-unique-0]" time="0.045" /><testcase classname="anndata.tests.test_concatenate" name="test_transposed_concat[scipy_csr-0-inner-unique-nan]" time="0.045" /><testcase classname="anndata.tests.test_concatenate" name="test_transposed_concat[scipy_csr-0-inner-unique-3.141592653589793]" time="0.045" /><testcase classname="anndata.tests.test_concatenate" name="test_transposed_concat[scipy_csr-0-inner-first-0]" time="0.049" /><testcase classname="anndata.tests.test_concatenate" name="test_transposed_concat[scipy_csr-0-inner-first-nan]" time="0.048" /><testcase classname="anndata.tests.test_concatenate" name="test_transposed_concat[scipy_csr-0-inner-first-3.141592653589793]" time="0.049" /><testcase classname="anndata.tests.test_concatenate" name="test_transposed_concat[scipy_csr-0-inner-only-0]" time="0.042" /><testcase classname="anndata.tests.test_concatenate" name="test_transposed_concat[scipy_csr-0-inner-only-nan]" time="0.042" /><testcase classname="anndata.tests.test_concatenate" name="test_transposed_concat[scipy_csr-0-inner-only-3.141592653589793]" time="0.043" /><testcase classname="anndata.tests.test_concatenate" name="test_transposed_concat[scipy_csr-0-outer-None-0]" time="0.045" /><testcase classname="anndata.tests.test_concatenate" name="test_transposed_concat[scipy_csr-0-outer-None-nan]" time="0.047" /><testcase classname="anndata.tests.test_concatenate" name="test_transposed_concat[scipy_csr-0-outer-None-3.141592653589793]" time="0.046" /><testcase classname="anndata.tests.test_concatenate" name="test_transposed_concat[scipy_csr-0-outer-same-0]" time="0.048" /><testcase classname="anndata.tests.test_concatenate" name="test_transposed_concat[scipy_csr-0-outer-same-nan]" time="0.048" /><testcase classname="anndata.tests.test_concatenate" name="test_transposed_concat[scipy_csr-0-outer-same-3.141592653589793]" time="0.049" /><testcase classname="anndata.tests.test_concatenate" name="test_transposed_concat[scipy_csr-0-outer-unique-0]" time="0.048" /><testcase classname="anndata.tests.test_concatenate" name="test_transposed_concat[scipy_csr-0-outer-unique-nan]" time="0.049" /><testcase classname="anndata.tests.test_concatenate" name="test_transposed_concat[scipy_csr-0-outer-unique-3.141592653589793]" time="0.050" /><testcase classname="anndata.tests.test_concatenate" name="test_transposed_concat[scipy_csr-0-outer-first-0]" time="0.052" /><testcase classname="anndata.tests.test_concatenate" name="test_transposed_concat[scipy_csr-0-outer-first-nan]" time="0.053" /><testcase classname="anndata.tests.test_concatenate" name="test_transposed_concat[scipy_csr-0-outer-first-3.141592653589793]" time="0.052" /><testcase classname="anndata.tests.test_concatenate" name="test_transposed_concat[scipy_csr-0-outer-only-0]" time="0.046" /><testcase classname="anndata.tests.test_concatenate" name="test_transposed_concat[scipy_csr-0-outer-only-nan]" time="0.047" /><testcase classname="anndata.tests.test_concatenate" name="test_transposed_concat[scipy_csr-0-outer-only-3.141592653589793]" time="0.046" /><testcase classname="anndata.tests.test_concatenate" name="test_transposed_concat[scipy_csr-1-inner-None-0]" time="0.036" /><testcase classname="anndata.tests.test_concatenate" name="test_transposed_concat[scipy_csr-1-inner-None-nan]" time="0.036" /><testcase classname="anndata.tests.test_concatenate" name="test_transposed_concat[scipy_csr-1-inner-None-3.141592653589793]" time="0.036" /><testcase classname="anndata.tests.test_concatenate" name="test_transposed_concat[scipy_csr-1-inner-same-0]" time="0.040" /><testcase classname="anndata.tests.test_concatenate" name="test_transposed_concat[scipy_csr-1-inner-same-nan]" time="0.041" /><testcase classname="anndata.tests.test_concatenate" name="test_transposed_concat[scipy_csr-1-inner-same-3.141592653589793]" time="0.041" /><testcase classname="anndata.tests.test_concatenate" name="test_transposed_concat[scipy_csr-1-inner-unique-0]" time="0.041" /><testcase classname="anndata.tests.test_concatenate" name="test_transposed_concat[scipy_csr-1-inner-unique-nan]" time="0.040" /><testcase classname="anndata.tests.test_concatenate" name="test_transposed_concat[scipy_csr-1-inner-unique-3.141592653589793]" time="0.040" /><testcase classname="anndata.tests.test_concatenate" name="test_transposed_concat[scipy_csr-1-inner-first-0]" time="0.043" /><testcase classname="anndata.tests.test_concatenate" name="test_transposed_concat[scipy_csr-1-inner-first-nan]" time="0.045" /><testcase classname="anndata.tests.test_concatenate" name="test_transposed_concat[scipy_csr-1-inner-first-3.141592653589793]" time="0.043" /><testcase classname="anndata.tests.test_concatenate" name="test_transposed_concat[scipy_csr-1-inner-only-0]" time="0.037" /><testcase classname="anndata.tests.test_concatenate" name="test_transposed_concat[scipy_csr-1-inner-only-nan]" time="0.037" /><testcase classname="anndata.tests.test_concatenate" name="test_transposed_concat[scipy_csr-1-inner-only-3.141592653589793]" time="0.037" /><testcase classname="anndata.tests.test_concatenate" name="test_transposed_concat[scipy_csr-1-outer-None-0]" time="0.036" /><testcase classname="anndata.tests.test_concatenate" name="test_transposed_concat[scipy_csr-1-outer-None-nan]" time="0.036" /><testcase classname="anndata.tests.test_concatenate" name="test_transposed_concat[scipy_csr-1-outer-None-3.141592653589793]" time="0.038" /><testcase classname="anndata.tests.test_concatenate" name="test_transposed_concat[scipy_csr-1-outer-same-0]" time="0.040" /><testcase classname="anndata.tests.test_concatenate" name="test_transposed_concat[scipy_csr-1-outer-same-nan]" time="0.040" /><testcase classname="anndata.tests.test_concatenate" name="test_transposed_concat[scipy_csr-1-outer-same-3.141592653589793]" time="0.040" /><testcase classname="anndata.tests.test_concatenate" name="test_transposed_concat[scipy_csr-1-outer-unique-0]" time="0.040" /><testcase classname="anndata.tests.test_concatenate" name="test_transposed_concat[scipy_csr-1-outer-unique-nan]" time="0.040" /><testcase classname="anndata.tests.test_concatenate" name="test_transposed_concat[scipy_csr-1-outer-unique-3.141592653589793]" time="0.042" /><testcase classname="anndata.tests.test_concatenate" name="test_transposed_concat[scipy_csr-1-outer-first-0]" time="0.043" /><testcase classname="anndata.tests.test_concatenate" name="test_transposed_concat[scipy_csr-1-outer-first-nan]" time="0.044" /><testcase classname="anndata.tests.test_concatenate" name="test_transposed_concat[scipy_csr-1-outer-first-3.141592653589793]" time="0.043" /><testcase classname="anndata.tests.test_concatenate" name="test_transposed_concat[scipy_csr-1-outer-only-0]" time="0.037" /><testcase classname="anndata.tests.test_concatenate" name="test_transposed_concat[scipy_csr-1-outer-only-nan]" time="0.037" /><testcase classname="anndata.tests.test_concatenate" name="test_transposed_concat[scipy_csr-1-outer-only-3.141592653589793]" time="0.039" /><testcase classname="anndata.tests.test_concatenate" name="test_transposed_concat[scipy_csc-0-inner-None-0]" time="0.042" /><testcase classname="anndata.tests.test_concatenate" name="test_transposed_concat[scipy_csc-0-inner-None-nan]" time="0.041" /><testcase classname="anndata.tests.test_concatenate" name="test_transposed_concat[scipy_csc-0-inner-None-3.141592653589793]" time="0.041" /><testcase classname="anndata.tests.test_concatenate" name="test_transposed_concat[scipy_csc-0-inner-same-0]" time="0.045" /><testcase classname="anndata.tests.test_concatenate" name="test_transposed_concat[scipy_csc-0-inner-same-nan]" time="0.045" /><testcase classname="anndata.tests.test_concatenate" name="test_transposed_concat[scipy_csc-0-inner-same-3.141592653589793]" time="0.047" /><testcase classname="anndata.tests.test_concatenate" name="test_transposed_concat[scipy_csc-0-inner-unique-0]" time="0.045" /><testcase classname="anndata.tests.test_concatenate" name="test_transposed_concat[scipy_csc-0-inner-unique-nan]" time="0.045" /><testcase classname="anndata.tests.test_concatenate" name="test_transposed_concat[scipy_csc-0-inner-unique-3.141592653589793]" time="0.046" /><testcase classname="anndata.tests.test_concatenate" name="test_transposed_concat[scipy_csc-0-inner-first-0]" time="0.048" /><testcase classname="anndata.tests.test_concatenate" name="test_transposed_concat[scipy_csc-0-inner-first-nan]" time="0.049" /><testcase classname="anndata.tests.test_concatenate" name="test_transposed_concat[scipy_csc-0-inner-first-3.141592653589793]" time="0.051" /><testcase classname="anndata.tests.test_concatenate" name="test_transposed_concat[scipy_csc-0-inner-only-0]" time="0.042" /><testcase classname="anndata.tests.test_concatenate" name="test_transposed_concat[scipy_csc-0-inner-only-nan]" time="0.042" /><testcase classname="anndata.tests.test_concatenate" name="test_transposed_concat[scipy_csc-0-inner-only-3.141592653589793]" time="0.042" /><testcase classname="anndata.tests.test_concatenate" name="test_transposed_concat[scipy_csc-0-outer-None-0]" time="0.046" /><testcase classname="anndata.tests.test_concatenate" name="test_transposed_concat[scipy_csc-0-outer-None-nan]" time="0.045" /><testcase classname="anndata.tests.test_concatenate" name="test_transposed_concat[scipy_csc-0-outer-None-3.141592653589793]" time="0.047" /><testcase classname="anndata.tests.test_concatenate" name="test_transposed_concat[scipy_csc-0-outer-same-0]" time="0.048" /><testcase classname="anndata.tests.test_concatenate" name="test_transposed_concat[scipy_csc-0-outer-same-nan]" time="0.049" /><testcase classname="anndata.tests.test_concatenate" name="test_transposed_concat[scipy_csc-0-outer-same-3.141592653589793]" time="0.049" /><testcase classname="anndata.tests.test_concatenate" name="test_transposed_concat[scipy_csc-0-outer-unique-0]" time="0.049" /><testcase classname="anndata.tests.test_concatenate" name="test_transposed_concat[scipy_csc-0-outer-unique-nan]" time="0.049" /><testcase classname="anndata.tests.test_concatenate" name="test_transposed_concat[scipy_csc-0-outer-unique-3.141592653589793]" time="0.050" /><testcase classname="anndata.tests.test_concatenate" name="test_transposed_concat[scipy_csc-0-outer-first-0]" time="0.053" /><testcase classname="anndata.tests.test_concatenate" name="test_transposed_concat[scipy_csc-0-outer-first-nan]" time="0.053" /><testcase classname="anndata.tests.test_concatenate" name="test_transposed_concat[scipy_csc-0-outer-first-3.141592653589793]" time="0.053" /><testcase classname="anndata.tests.test_concatenate" name="test_transposed_concat[scipy_csc-0-outer-only-0]" time="0.046" /><testcase classname="anndata.tests.test_concatenate" name="test_transposed_concat[scipy_csc-0-outer-only-nan]" time="0.046" /><testcase classname="anndata.tests.test_concatenate" name="test_transposed_concat[scipy_csc-0-outer-only-3.141592653589793]" time="0.048" /><testcase classname="anndata.tests.test_concatenate" name="test_transposed_concat[scipy_csc-1-inner-None-0]" time="0.036" /><testcase classname="anndata.tests.test_concatenate" name="test_transposed_concat[scipy_csc-1-inner-None-nan]" time="0.036" /><testcase classname="anndata.tests.test_concatenate" name="test_transposed_concat[scipy_csc-1-inner-None-3.141592653589793]" time="0.036" /><testcase classname="anndata.tests.test_concatenate" name="test_transposed_concat[scipy_csc-1-inner-same-0]" time="0.040" /><testcase classname="anndata.tests.test_concatenate" name="test_transposed_concat[scipy_csc-1-inner-same-nan]" time="0.040" /><testcase classname="anndata.tests.test_concatenate" name="test_transposed_concat[scipy_csc-1-inner-same-3.141592653589793]" time="0.041" /><testcase classname="anndata.tests.test_concatenate" name="test_transposed_concat[scipy_csc-1-inner-unique-0]" time="0.040" /><testcase classname="anndata.tests.test_concatenate" name="test_transposed_concat[scipy_csc-1-inner-unique-nan]" time="0.040" /><testcase classname="anndata.tests.test_concatenate" name="test_transposed_concat[scipy_csc-1-inner-unique-3.141592653589793]" time="0.040" /><testcase classname="anndata.tests.test_concatenate" name="test_transposed_concat[scipy_csc-1-inner-first-0]" time="0.043" /><testcase classname="anndata.tests.test_concatenate" name="test_transposed_concat[scipy_csc-1-inner-first-nan]" time="0.043" /><testcase classname="anndata.tests.test_concatenate" name="test_transposed_concat[scipy_csc-1-inner-first-3.141592653589793]" time="0.044" /><testcase classname="anndata.tests.test_concatenate" name="test_transposed_concat[scipy_csc-1-inner-only-0]" time="0.038" /><testcase classname="anndata.tests.test_concatenate" name="test_transposed_concat[scipy_csc-1-inner-only-nan]" time="0.037" /><testcase classname="anndata.tests.test_concatenate" name="test_transposed_concat[scipy_csc-1-inner-only-3.141592653589793]" time="0.038" /><testcase classname="anndata.tests.test_concatenate" name="test_transposed_concat[scipy_csc-1-outer-None-0]" time="0.036" /><testcase classname="anndata.tests.test_concatenate" name="test_transposed_concat[scipy_csc-1-outer-None-nan]" time="0.036" /><testcase classname="anndata.tests.test_concatenate" name="test_transposed_concat[scipy_csc-1-outer-None-3.141592653589793]" time="0.037" /><testcase classname="anndata.tests.test_concatenate" name="test_transposed_concat[scipy_csc-1-outer-same-0]" time="0.041" /><testcase classname="anndata.tests.test_concatenate" name="test_transposed_concat[scipy_csc-1-outer-same-nan]" time="0.040" /><testcase classname="anndata.tests.test_concatenate" name="test_transposed_concat[scipy_csc-1-outer-same-3.141592653589793]" time="0.040" /><testcase classname="anndata.tests.test_concatenate" name="test_transposed_concat[scipy_csc-1-outer-unique-0]" time="0.040" /><testcase classname="anndata.tests.test_concatenate" name="test_transposed_concat[scipy_csc-1-outer-unique-nan]" time="0.040" /><testcase classname="anndata.tests.test_concatenate" name="test_transposed_concat[scipy_csc-1-outer-unique-3.141592653589793]" time="0.042" /><testcase classname="anndata.tests.test_concatenate" name="test_transposed_concat[scipy_csc-1-outer-first-0]" time="0.043" /><testcase classname="anndata.tests.test_concatenate" name="test_transposed_concat[scipy_csc-1-outer-first-nan]" time="0.043" /><testcase classname="anndata.tests.test_concatenate" name="test_transposed_concat[scipy_csc-1-outer-first-3.141592653589793]" time="0.043" /><testcase classname="anndata.tests.test_concatenate" name="test_transposed_concat[scipy_csc-1-outer-only-0]" time="0.037" /><testcase classname="anndata.tests.test_concatenate" name="test_transposed_concat[scipy_csc-1-outer-only-nan]" time="0.037" /><testcase classname="anndata.tests.test_concatenate" name="test_transposed_concat[scipy_csc-1-outer-only-3.141592653589793]" time="0.039" /><testcase classname="anndata.tests.test_concatenate" name="test_batch_key[0]" time="0.032" /><testcase classname="anndata.tests.test_concatenate" name="test_batch_key[1]" time="0.027" /><testcase classname="anndata.tests.test_concatenate" name="test_concat_categories_from_mapping" time="0.086" /><testcase classname="anndata.tests.test_concatenate" name="test_concat_names[0]" time="0.025" /><testcase classname="anndata.tests.test_concatenate" name="test_concat_names[1]" time="0.027" /><testcase classname="anndata.tests.test_concatenate" name="test_concat_size_0_dim[0-inner-None-no_var]" time="0.022" /><testcase classname="anndata.tests.test_concatenate" name="test_concat_size_0_dim[0-inner-None-no_obs]" time="0.022" /><testcase classname="anndata.tests.test_concatenate" name="test_concat_size_0_dim[0-inner-same-no_var]" time="0.024" /><testcase classname="anndata.tests.test_concatenate" name="test_concat_size_0_dim[0-inner-same-no_obs]" time="0.025" /><testcase classname="anndata.tests.test_concatenate" name="test_concat_size_0_dim[0-inner-unique-no_var]" time="0.024" /><testcase classname="anndata.tests.test_concatenate" name="test_concat_size_0_dim[0-inner-unique-no_obs]" time="0.024" /><testcase classname="anndata.tests.test_concatenate" name="test_concat_size_0_dim[0-inner-first-no_var]" time="0.023" /><testcase classname="anndata.tests.test_concatenate" name="test_concat_size_0_dim[0-inner-first-no_obs]" time="0.023" /><testcase classname="anndata.tests.test_concatenate" name="test_concat_size_0_dim[0-inner-only-no_var]" time="0.023" /><testcase classname="anndata.tests.test_concatenate" name="test_concat_size_0_dim[0-inner-only-no_obs]" time="0.022" /><testcase classname="anndata.tests.test_concatenate" name="test_concat_size_0_dim[0-outer-None-no_var]" time="0.028" /><testcase classname="anndata.tests.test_concatenate" name="test_concat_size_0_dim[0-outer-None-no_obs]" time="0.023" /><testcase classname="anndata.tests.test_concatenate" name="test_concat_size_0_dim[0-outer-same-no_var]" time="0.030" /><testcase classname="anndata.tests.test_concatenate" name="test_concat_size_0_dim[0-outer-same-no_obs]" time="0.026" /><testcase classname="anndata.tests.test_concatenate" name="test_concat_size_0_dim[0-outer-unique-no_var]" time="0.030" /><testcase classname="anndata.tests.test_concatenate" name="test_concat_size_0_dim[0-outer-unique-no_obs]" time="0.025" /><testcase classname="anndata.tests.test_concatenate" name="test_concat_size_0_dim[0-outer-first-no_var]" time="0.031" /><testcase classname="anndata.tests.test_concatenate" name="test_concat_size_0_dim[0-outer-first-no_obs]" time="0.024" /><testcase classname="anndata.tests.test_concatenate" name="test_concat_size_0_dim[0-outer-only-no_var]" time="0.029" /><testcase classname="anndata.tests.test_concatenate" name="test_concat_size_0_dim[0-outer-only-no_obs]" time="0.024" /><testcase classname="anndata.tests.test_concatenate" name="test_concat_size_0_dim[1-inner-None-no_var]" time="0.021" /><testcase classname="anndata.tests.test_concatenate" name="test_concat_size_0_dim[1-inner-None-no_obs]" time="0.023" /><testcase classname="anndata.tests.test_concatenate" name="test_concat_size_0_dim[1-inner-same-no_var]" time="0.025" /><testcase classname="anndata.tests.test_concatenate" name="test_concat_size_0_dim[1-inner-same-no_obs]" time="0.025" /><testcase classname="anndata.tests.test_concatenate" name="test_concat_size_0_dim[1-inner-unique-no_var]" time="0.023" /><testcase classname="anndata.tests.test_concatenate" name="test_concat_size_0_dim[1-inner-unique-no_obs]" time="0.026" /><testcase classname="anndata.tests.test_concatenate" name="test_concat_size_0_dim[1-inner-first-no_var]" time="0.023" /><testcase classname="anndata.tests.test_concatenate" name="test_concat_size_0_dim[1-inner-first-no_obs]" time="0.024" /><testcase classname="anndata.tests.test_concatenate" name="test_concat_size_0_dim[1-inner-only-no_var]" time="0.022" /><testcase classname="anndata.tests.test_concatenate" name="test_concat_size_0_dim[1-inner-only-no_obs]" time="0.024" /><testcase classname="anndata.tests.test_concatenate" name="test_concat_size_0_dim[1-outer-None-no_var]" time="0.022" /><testcase classname="anndata.tests.test_concatenate" name="test_concat_size_0_dim[1-outer-None-no_obs]" time="0.030" /><testcase classname="anndata.tests.test_concatenate" name="test_concat_size_0_dim[1-outer-same-no_var]" time="0.025" /><testcase classname="anndata.tests.test_concatenate" name="test_concat_size_0_dim[1-outer-same-no_obs]" time="0.032" /><testcase classname="anndata.tests.test_concatenate" name="test_concat_size_0_dim[1-outer-unique-no_var]" time="0.025" /><testcase classname="anndata.tests.test_concatenate" name="test_concat_size_0_dim[1-outer-unique-no_obs]" time="0.032" /><testcase classname="anndata.tests.test_concatenate" name="test_concat_size_0_dim[1-outer-first-no_var]" time="0.023" /><testcase classname="anndata.tests.test_concatenate" name="test_concat_size_0_dim[1-outer-first-no_obs]" time="0.032" /><testcase classname="anndata.tests.test_concatenate" name="test_concat_size_0_dim[1-outer-only-no_var]" time="0.023" /><testcase classname="anndata.tests.test_concatenate" name="test_concat_size_0_dim[1-outer-only-no_obs]" time="0.030" /><testcase classname="anndata.tests.test_concatenate" name="test_concat_outer_aligned_mapping[sparse]" time="0.020" /><testcase classname="anndata.tests.test_concatenate" name="test_concat_outer_aligned_mapping[array]" time="0.021" /><testcase classname="anndata.tests.test_concatenate" name="test_concat_outer_aligned_mapping[df]" time="0.023" /><testcase classname="anndata.tests.test_concatenate" name="test_concatenate_size_0_dim" time="0.045" /><testcase classname="anndata.tests.test_concatenate" name="test_concat_null_X" time="0.052" /><testcase classname="anndata.tests.test_concatenate" name="test_concat_X_dtype" time="0.007" /><testcase classname="anndata.tests.test_deprecations" name="test_get_obsvar_array_warn" time="0.003" /><testcase classname="anndata.tests.test_deprecations" name="test_get_obsvar_array" time="0.004" /><testcase classname="anndata.tests.test_deprecations" name="test_obsvar_vector_Xlayer" time="0.004" /><testcase classname="anndata.tests.test_deprecations" name="test_force_dense_deprecated" time="0.017" /><testcase classname="anndata.tests.test_deprecations" name="test_get_uns_neighbors_deprecated" time="0.004" /><testcase classname="anndata.tests.test_deprecations" name="test_set_uns_neighbors_deprecated" time="0.003" /><testcase classname="anndata.tests.test_deprecations" name="test_slice_uns_sparse_deprecated" time="0.009" /><testcase classname="anndata.tests.test_deprecations" name="test_deprecated_neighbors_get_mtx" time="0.003" /><testcase classname="anndata.tests.test_deprecations" name="test_deprecated_neighbors_get_other" time="0.002" /><testcase classname="anndata.tests.test_deprecations" name="test_deprecated_neighbors_set_other" time="0.002" /><testcase classname="anndata.tests.test_deprecations" name="test_dtype_warning" time="0.001" /><testcase classname="anndata.tests.test_deprecations" name="test_deprecated_write_attribute" time="0.003" /><testcase classname="anndata.tests.test_get_vector" name="test_amgibuous_keys" time="0.004" /><testcase classname="anndata.tests.test_hdf5_backing" name="test_read_write_X[scipy-csr-r+-True]" time="0.024" /><testcase classname="anndata.tests.test_hdf5_backing" name="test_read_write_X[scipy-csr-r+-False]" time="0.023" /><testcase classname="anndata.tests.test_hdf5_backing" name="test_read_write_X[scipy-csr-r-True]" time="0.024" /><testcase classname="anndata.tests.test_hdf5_backing" name="test_read_write_X[scipy-csr-r-False]" time="0.023" /><testcase classname="anndata.tests.test_hdf5_backing" name="test_read_write_X[scipy-csr-False-True]" time="0.021" /><testcase classname="anndata.tests.test_hdf5_backing" name="test_read_write_X[scipy-csr-False-False]" time="0.022" /><testcase classname="anndata.tests.test_hdf5_backing" name="test_read_write_X[scipy-csc-r+-True]" time="0.022" /><testcase classname="anndata.tests.test_hdf5_backing" name="test_read_write_X[scipy-csc-r+-False]" time="0.024" /><testcase classname="anndata.tests.test_hdf5_backing" name="test_read_write_X[scipy-csc-r-True]" time="0.024" /><testcase classname="anndata.tests.test_hdf5_backing" name="test_read_write_X[scipy-csc-r-False]" time="0.022" /><testcase classname="anndata.tests.test_hdf5_backing" name="test_read_write_X[scipy-csc-False-True]" time="0.021" /><testcase classname="anndata.tests.test_hdf5_backing" name="test_read_write_X[scipy-csc-False-False]" time="0.022" /><testcase classname="anndata.tests.test_hdf5_backing" name="test_read_write_X[np-array-r+-True]" time="0.020" /><testcase classname="anndata.tests.test_hdf5_backing" name="test_read_write_X[np-array-r+-False]" time="0.021" /><testcase classname="anndata.tests.test_hdf5_backing" name="test_read_write_X[np-array-r-True]" time="0.021" /><testcase classname="anndata.tests.test_hdf5_backing" name="test_read_write_X[np-array-r-False]" time="0.021" /><testcase classname="anndata.tests.test_hdf5_backing" name="test_read_write_X[np-array-False-True]" time="0.021" /><testcase classname="anndata.tests.test_hdf5_backing" name="test_read_write_X[np-array-False-False]" time="0.021" /><testcase classname="anndata.tests.test_hdf5_backing" name="test_backing" time="0.079" /><testcase classname="anndata.tests.test_hdf5_backing" name="test_backing_copy" time="0.050" /><testcase classname="anndata.tests.test_hdf5_backing" name="test_backed_raw" time="0.302" /><testcase classname="anndata.tests.test_hdf5_backing" name="test_backed_raw_subset[array_subset-array_subset-dense_array]" time="0.009"><skipped type="pytest.xfail" message="Fancy indexing does not work with multiple arrays on a h5py.Dataset" /></testcase><testcase classname="anndata.tests.test_hdf5_backing" name="test_backed_raw_subset[array_subset-array_subset-csr_matrix]" time="0.364" /><testcase classname="anndata.tests.test_hdf5_backing" name="test_backed_raw_subset[array_subset-slice_subset-dense_array]" time="0.348" /><testcase classname="anndata.tests.test_hdf5_backing" name="test_backed_raw_subset[array_subset-slice_subset-csr_matrix]" time="0.361" /><testcase classname="anndata.tests.test
[...]
"test_view_of_view[scipy_csc-array_subset-spmatrix_bool_subset]" time="0.068" /><testcase classname="anndata.tests.test_views" name="test_view_of_view[scipy_csc-slice_subset-array_subset]" time="0.063" /><testcase classname="anndata.tests.test_views" name="test_view_of_view[scipy_csc-slice_subset-slice_subset]" time="0.058" /><testcase classname="anndata.tests.test_views" name="test_view_of_view[scipy_csc-slice_subset-single_subset]" time="0.059" /><testcase classname="anndata.tests.test_views" name="test_view_of_view[scipy_csc-slice_subset-array_int_subset]" time="0.060" /><testcase classname="anndata.tests.test_views" name="test_view_of_view[scipy_csc-slice_subset-array_bool_subset]" time="0.061" /><testcase classname="anndata.tests.test_views" name="test_view_of_view[scipy_csc-slice_subset-matrix_bool_subset]" time="0.062" /><testcase classname="anndata.tests.test_views" name="test_view_of_view[scipy_csc-slice_subset-spmatrix_bool_subset]" time="0.063" /><testcase classname="anndata.tests.test_views" name="test_view_of_view[scipy_csc-single_subset-array_subset]" time="0.009"><skipped type="pytest.xfail" message="Other subset generating functions have trouble with this" /></testcase><testcase classname="anndata.tests.test_views" name="test_view_of_view[scipy_csc-single_subset-slice_subset]" time="0.009"><skipped type="pytest.xfail" message="Other subset generating functions have trouble with this" /></testcase><testcase classname="anndata.tests.test_views" name="test_view_of_view[scipy_csc-single_subset-single_subset]" time="0.009"><skipped type="pytest.xfail" message="Other subset generating functions have trouble with this" /></testcase><testcase classname="anndata.tests.test_views" name="test_view_of_view[scipy_csc-single_subset-array_int_subset]" time="0.009"><skipped type="pytest.xfail" message="Other subset generating functions have trouble with this" /></testcase><testcase classname="anndata.tests.test_views" name="test_view_of_view[scipy_csc-single_subset-array_bool_subset]" time="0.009"><skipped type="pytest.xfail" message="Other subset generating functions have trouble with this" /></testcase><testcase classname="anndata.tests.test_views" name="test_view_of_view[scipy_csc-single_subset-matrix_bool_subset]" time="0.009"><skipped type="pytest.xfail" message="Other subset generating functions have trouble with this" /></testcase><testcase classname="anndata.tests.test_views" name="test_view_of_view[scipy_csc-single_subset-spmatrix_bool_subset]" time="0.009"><skipped type="pytest.xfail" message="Other subset generating functions have trouble with this" /></testcase><testcase classname="anndata.tests.test_views" name="test_view_of_view[scipy_csc-array_int_subset-array_subset]" time="0.067" /><testcase classname="anndata.tests.test_views" name="test_view_of_view[scipy_csc-array_int_subset-slice_subset]" time="0.069" /><testcase classname="anndata.tests.test_views" name="test_view_of_view[scipy_csc-array_int_subset-single_subset]" time="0.070" /><testcase classname="anndata.tests.test_views" name="test_view_of_view[scipy_csc-array_int_subset-array_int_subset]" time="0.068" /><testcase classname="anndata.tests.test_views" name="test_view_of_view[scipy_csc-array_int_subset-array_bool_subset]" time="0.066" /><testcase classname="anndata.tests.test_views" name="test_view_of_view[scipy_csc-array_int_subset-matrix_bool_subset]" time="0.192" /><testcase classname="anndata.tests.test_views" name="test_view_of_view[scipy_csc-array_int_subset-spmatrix_bool_subset]" time="0.067" /><testcase classname="anndata.tests.test_views" name="test_view_of_view[scipy_csc-array_bool_subset-array_subset]" time="0.069" /><testcase classname="anndata.tests.test_views" name="test_view_of_view[scipy_csc-array_bool_subset-slice_subset]" time="0.073" /><testcase classname="anndata.tests.test_views" name="test_view_of_view[scipy_csc-array_bool_subset-single_subset]" time="0.068" /><testcase classname="anndata.tests.test_views" name="test_view_of_view[scipy_csc-array_bool_subset-array_int_subset]" time="0.067" /><testcase classname="anndata.tests.test_views" name="test_view_of_view[scipy_csc-array_bool_subset-array_bool_subset]" time="0.069" /><testcase classname="anndata.tests.test_views" name="test_view_of_view[scipy_csc-array_bool_subset-matrix_bool_subset]" time="0.067" /><testcase classname="anndata.tests.test_views" name="test_view_of_view[scipy_csc-array_bool_subset-spmatrix_bool_subset]" time="0.068" /><testcase classname="anndata.tests.test_views" name="test_view_of_view[scipy_csc-matrix_bool_subset-array_subset]" time="0.069" /><testcase classname="anndata.tests.test_views" name="test_view_of_view[scipy_csc-matrix_bool_subset-slice_subset]" time="0.074" /><testcase classname="anndata.tests.test_views" name="test_view_of_view[scipy_csc-matrix_bool_subset-single_subset]" time="0.068" /><testcase classname="anndata.tests.test_views" name="test_view_of_view[scipy_csc-matrix_bool_subset-array_int_subset]" time="0.067" /><testcase classname="anndata.tests.test_views" name="test_view_of_view[scipy_csc-matrix_bool_subset-array_bool_subset]" time="0.068" /><testcase classname="anndata.tests.test_views" name="test_view_of_view[scipy_csc-matrix_bool_subset-matrix_bool_subset]" time="0.067" /><testcase classname="anndata.tests.test_views" name="test_view_of_view[scipy_csc-matrix_bool_subset-spmatrix_bool_subset]" time="0.069" /><testcase classname="anndata.tests.test_views" name="test_view_of_view[scipy_csc-spmatrix_bool_subset-array_subset]" time="0.067" /><testcase classname="anndata.tests.test_views" name="test_view_of_view[scipy_csc-spmatrix_bool_subset-slice_subset]" time="0.068" /><testcase classname="anndata.tests.test_views" name="test_view_of_view[scipy_csc-spmatrix_bool_subset-single_subset]" time="0.067" /><testcase classname="anndata.tests.test_views" name="test_view_of_view[scipy_csc-spmatrix_bool_subset-array_int_subset]" time="0.068" /><testcase classname="anndata.tests.test_views" name="test_view_of_view[scipy_csc-spmatrix_bool_subset-array_bool_subset]" time="0.067" /><testcase classname="anndata.tests.test_views" name="test_view_of_view[scipy_csc-spmatrix_bool_subset-matrix_bool_subset]" time="0.069" /><testcase classname="anndata.tests.test_views" name="test_view_of_view[scipy_csc-spmatrix_bool_subset-spmatrix_bool_subset]" time="0.069" /><testcase classname="anndata.tests.test_views" name="test_view_of_view_modification" time="0.003" /><testcase classname="anndata.tests.test_views" name="test_double_index[array_subset-array_subset]" time="0.019" /><testcase classname="anndata.tests.test_views" name="test_double_index[array_subset-slice_subset]" time="0.018" /><testcase classname="anndata.tests.test_views" name="test_double_index[array_subset-single_subset]" time="0.020" /><testcase classname="anndata.tests.test_views" name="test_double_index[array_subset-array_int_subset]" time="0.021" /><testcase classname="anndata.tests.test_views" name="test_double_index[array_subset-array_bool_subset]" time="0.020" /><testcase classname="anndata.tests.test_views" name="test_double_index[array_subset-matrix_bool_subset]" time="0.019" /><testcase classname="anndata.tests.test_views" name="test_double_index[array_subset-spmatrix_bool_subset]" time="0.019" /><testcase classname="anndata.tests.test_views" name="test_double_index[slice_subset-array_subset]" time="0.018" /><testcase classname="anndata.tests.test_views" name="test_double_index[slice_subset-slice_subset]" time="0.017" /><testcase classname="anndata.tests.test_views" name="test_double_index[slice_subset-single_subset]" time="0.017" /><testcase classname="anndata.tests.test_views" name="test_double_index[slice_subset-array_int_subset]" time="0.018" /><testcase classname="anndata.tests.test_views" name="test_double_index[slice_subset-array_bool_subset]" time="0.019" /><testcase classname="anndata.tests.test_views" name="test_double_index[slice_subset-matrix_bool_subset]" time="0.017" /><testcase classname="anndata.tests.test_views" name="test_double_index[slice_subset-spmatrix_bool_subset]" time="0.018" /><testcase classname="anndata.tests.test_views" name="test_double_index[single_subset-array_subset]" time="0.023" /><testcase classname="anndata.tests.test_views" name="test_double_index[single_subset-slice_subset]" time="0.017" /><testcase classname="anndata.tests.test_views" name="test_double_index[single_subset-single_subset]" time="0.017" /><testcase classname="anndata.tests.test_views" name="test_double_index[single_subset-array_int_subset]" time="0.018" /><testcase classname="anndata.tests.test_views" name="test_double_index[single_subset-array_bool_subset]" time="0.018" /><testcase classname="anndata.tests.test_views" name="test_double_index[single_subset-matrix_bool_subset]" time="0.018" /><testcase classname="anndata.tests.test_views" name="test_double_index[single_subset-spmatrix_bool_subset]" time="0.020" /><testcase classname="anndata.tests.test_views" name="test_double_index[array_int_subset-array_subset]" time="0.020" /><testcase classname="anndata.tests.test_views" name="test_double_index[array_int_subset-slice_subset]" time="0.019" /><testcase classname="anndata.tests.test_views" name="test_double_index[array_int_subset-single_subset]" time="0.019" /><testcase classname="anndata.tests.test_views" name="test_double_index[array_int_subset-array_int_subset]" time="0.027" /><testcase classname="anndata.tests.test_views" name="test_double_index[array_int_subset-array_bool_subset]" time="0.020" /><testcase classname="anndata.tests.test_views" name="test_double_index[array_int_subset-matrix_bool_subset]" time="0.020" /><testcase classname="anndata.tests.test_views" name="test_double_index[array_int_subset-spmatrix_bool_subset]" time="0.020" /><testcase classname="anndata.tests.test_views" name="test_double_index[array_bool_subset-array_subset]" time="0.019" /><testcase classname="anndata.tests.test_views" name="test_double_index[array_bool_subset-slice_subset]" time="0.019" /><testcase classname="anndata.tests.test_views" name="test_double_index[array_bool_subset-single_subset]" time="0.020" /><testcase classname="anndata.tests.test_views" name="test_double_index[array_bool_subset-array_int_subset]" time="0.019" /><testcase classname="anndata.tests.test_views" name="test_double_index[array_bool_subset-array_bool_subset]" time="0.020" /><testcase classname="anndata.tests.test_views" name="test_double_index[array_bool_subset-matrix_bool_subset]" time="0.019" /><testcase classname="anndata.tests.test_views" name="test_double_index[array_bool_subset-spmatrix_bool_subset]" time="0.019" /><testcase classname="anndata.tests.test_views" name="test_double_index[matrix_bool_subset-array_subset]" time="0.019" /><testcase classname="anndata.tests.test_views" name="test_double_index[matrix_bool_subset-slice_subset]" time="0.018" /><testcase classname="anndata.tests.test_views" name="test_double_index[matrix_bool_subset-single_subset]" time="0.018" /><testcase classname="anndata.tests.test_views" name="test_double_index[matrix_bool_subset-array_int_subset]" time="0.019" /><testcase classname="anndata.tests.test_views" name="test_double_index[matrix_bool_subset-array_bool_subset]" time="0.020" /><testcase classname="anndata.tests.test_views" name="test_double_index[matrix_bool_subset-matrix_bool_subset]" time="0.019" /><testcase classname="anndata.tests.test_views" name="test_double_index[matrix_bool_subset-spmatrix_bool_subset]" time="0.019" /><testcase classname="anndata.tests.test_views" name="test_double_index[spmatrix_bool_subset-array_subset]" time="0.019" /><testcase classname="anndata.tests.test_views" name="test_double_index[spmatrix_bool_subset-slice_subset]" time="0.018" /><testcase classname="anndata.tests.test_views" name="test_double_index[spmatrix_bool_subset-single_subset]" time="0.018" /><testcase classname="anndata.tests.test_views" name="test_double_index[spmatrix_bool_subset-array_int_subset]" time="0.019" /><testcase classname="anndata.tests.test_views" name="test_double_index[spmatrix_bool_subset-array_bool_subset]" time="0.019" /><testcase classname="anndata.tests.test_views" name="test_double_index[spmatrix_bool_subset-matrix_bool_subset]" time="0.019" /><testcase classname="anndata.tests.test_views" name="test_double_index[spmatrix_bool_subset-spmatrix_bool_subset]" time="0.019" /><testcase classname="anndata.tests.test_views" name="test_view_retains_ndarray_subclass" time="0.001" /><testcase classname="anndata.tests.test_views" name="test_modify_uns_in_copy" time="0.003" /><testcase classname="anndata.tests.test_views" name="test_invalid_scalar_index[-101]" time="0.001" /><testcase classname="anndata.tests.test_views" name="test_invalid_scalar_index[100]" time="0.001" /><testcase classname="anndata.tests.test_views" name="test_invalid_scalar_index[index2]" time="0.001" /><testcase classname="anndata.tests.test_views" name="test_invalid_scalar_index[index3]" time="0.001" /><testcase classname="anndata.tests.test_views" name="test_negative_scalar_index[-100-False]" time="0.001" /><testcase classname="anndata.tests.test_views" name="test_negative_scalar_index[-100-True]" time="0.001" /><testcase classname="anndata.tests.test_views" name="test_negative_scalar_index[-50-False]" time="0.001" /><testcase classname="anndata.tests.test_views" name="test_negative_scalar_index[-50-True]" time="0.001" /><testcase classname="anndata.tests.test_views" name="test_negative_scalar_index[-1-False]" time="0.001" /><testcase classname="anndata.tests.test_views" name="test_negative_scalar_index[-1-True]" time="0.001" /><testcase classname="anndata.tests.test_views" name="test_deepcopy_subset[csr_matrix]" time="0.002" /><testcase classname="anndata.tests.test_views" name="test_deepcopy_subset[csc_matrix]" time="0.002" /><testcase classname="anndata.tests.test_views" name="test_view_mixin_copies_data[X-asarray]" time="0.002" /><testcase classname="anndata.tests.test_views" name="test_view_mixin_copies_data[X-csr_matrix]" time="0.002" /><testcase classname="anndata.tests.test_views" name="test_view_mixin_copies_data[X-csc_matrix]" time="0.002" /><testcase classname="anndata.tests.test_views" name="test_view_mixin_copies_data[layers-asarray]" time="0.002" /><testcase classname="anndata.tests.test_views" name="test_view_mixin_copies_data[layers-csr_matrix]" time="0.002" /><testcase classname="anndata.tests.test_views" name="test_view_mixin_copies_data[layers-csc_matrix]" time="0.002" /><testcase classname="anndata.tests.test_views" name="test_view_mixin_copies_data[obsm-asarray]" time="0.002" /><testcase classname="anndata.tests.test_views" name="test_view_mixin_copies_data[obsm-csr_matrix]" time="0.002" /><testcase classname="anndata.tests.test_views" name="test_view_mixin_copies_data[obsm-csc_matrix]" time="0.002" /><testcase classname="anndata.tests.test_views" name="test_view_mixin_copies_data[varm-asarray]" time="0.002" /><testcase classname="anndata.tests.test_views" name="test_view_mixin_copies_data[varm-csr_matrix]" time="0.003" /><testcase classname="anndata.tests.test_views" name="test_view_mixin_copies_data[varm-csc_matrix]" time="0.002" /><testcase classname="anndata.tests.test_views" name="test_view_mixin_copies_data[obsp-asarray]" time="0.002" /><testcase classname="anndata.tests.test_views" name="test_view_mixin_copies_data[obsp-csr_matrix]" time="0.002" /><testcase classname="anndata.tests.test_views" name="test_view_mixin_copies_data[obsp-csc_matrix]" time="0.002" /><testcase classname="anndata.tests.test_views" name="test_view_mixin_copies_data[varp-asarray]" time="0.002" /><testcase classname="anndata.tests.test_views" name="test_view_mixin_copies_data[varp-csr_matrix]" time="0.002" /><testcase classname="anndata.tests.test_views" name="test_view_mixin_copies_data[varp-csc_matrix]" time="0.002" /><testcase classname="anndata.tests.test_views" name="test_copy_X_dtype" time="0.001" /><testcase classname="anndata.tests.test_x" name="test_setter_singular_dim[csr-csr-(1, 10)]" time="0.008" /><testcase classname="anndata.tests.test_x" name="test_setter_singular_dim[csr-csr-(10, 1)]" time="0.007" /><testcase classname="anndata.tests.test_x" name="test_setter_singular_dim[csr-csr-(1, 1)]" time="0.007" /><testcase classname="anndata.tests.test_x" name="test_setter_singular_dim[csr-csc-(1, 10)]" time="0.008" /><testcase classname="anndata.tests.test_x" name="test_setter_singular_dim[csr-csc-(10, 1)]" time="0.007" /><testcase classname="anndata.tests.test_x" name="test_setter_singular_dim[csr-csc-(1, 1)]" time="0.007" /><testcase classname="anndata.tests.test_x" name="test_setter_singular_dim[csr-ndarray-(1, 10)]" time="0.008" /><testcase classname="anndata.tests.test_x" name="test_setter_singular_dim[csr-ndarray-(10, 1)]" time="0.007" /><testcase classname="anndata.tests.test_x" name="test_setter_singular_dim[csr-ndarray-(1, 1)]" time="0.007" /><testcase classname="anndata.tests.test_x" name="test_setter_singular_dim[csc-csr-(1, 10)]" time="0.009" /><testcase classname="anndata.tests.test_x" name="test_setter_singular_dim[csc-csr-(10, 1)]" time="0.007" /><testcase classname="anndata.tests.test_x" name="test_setter_singular_dim[csc-csr-(1, 1)]" time="0.007" /><testcase classname="anndata.tests.test_x" name="test_setter_singular_dim[csc-csc-(1, 10)]" time="0.008" /><testcase classname="anndata.tests.test_x" name="test_setter_singular_dim[csc-csc-(10, 1)]" time="0.007" /><testcase classname="anndata.tests.test_x" name="test_setter_singular_dim[csc-csc-(1, 1)]" time="0.007" /><testcase classname="anndata.tests.test_x" name="test_setter_singular_dim[csc-ndarray-(1, 10)]" time="0.008" /><testcase classname="anndata.tests.test_x" name="test_setter_singular_dim[csc-ndarray-(10, 1)]" time="0.007" /><testcase classname="anndata.tests.test_x" name="test_setter_singular_dim[csc-ndarray-(1, 1)]" time="0.007" /><testcase classname="anndata.tests.test_x" name="test_setter_singular_dim[ndarray-csr-(1, 10)]" time="0.008" /><testcase classname="anndata.tests.test_x" name="test_setter_singular_dim[ndarray-csr-(10, 1)]" time="0.007" /><testcase classname="anndata.tests.test_x" name="test_setter_singular_dim[ndarray-csr-(1, 1)]" time="0.007" /><testcase classname="anndata.tests.test_x" name="test_setter_singular_dim[ndarray-csc-(1, 10)]" time="0.008" /><testcase classname="anndata.tests.test_x" name="test_setter_singular_dim[ndarray-csc-(10, 1)]" time="0.007" /><testcase classname="anndata.tests.test_x" name="test_setter_singular_dim[ndarray-csc-(1, 1)]" time="0.007" /><testcase classname="anndata.tests.test_x" name="test_setter_singular_dim[ndarray-ndarray-(1, 10)]" time="0.007" /><testcase classname="anndata.tests.test_x" name="test_setter_singular_dim[ndarray-ndarray-(10, 1)]" time="0.007" /><testcase classname="anndata.tests.test_x" name="test_setter_singular_dim[ndarray-ndarray-(1, 1)]" time="0.006" /><testcase classname="anndata.tests.test_x" name="test_set_x_is_none" time="0.001" /><testcase classname="anndata.tests.test_x" name="test_del_set_equiv_X" time="0.023" /><testcase classname="anndata.tests.test_x" name="test_init_X_as_none" time="0.001" /><testcase classname="anndata.tests.test_x" name="test_transpose_with_X_as_none[(1, 10)]" time="0.022" /><testcase classname="anndata.tests.test_x" name="test_transpose_with_X_as_none[(10, 1)]" time="0.021" /><testcase classname="anndata.tests.test_x" name="test_transpose_with_X_as_none[(1, 1)]" time="0.020" /><testcase classname="anndata.tests.test_x" name="test_transpose_with_X_as_none[(5, 3)]" time="0.021" /><testcase classname="anndata.tests.test_x" name="test_copy" time="0.010" /><testcase classname="anndata.tests.test_x" name="test_copy_view" time="0.006" /><testcase classname="anndata.tests.test_x" name="test_io_missing_X[h5ad]" time="0.123" /><testcase classname="anndata.tests.test_x" name="test_io_missing_X[zarr]" time="0.132" /><testcase classname="docs.concatenation.rst" name="concatenation.rst" time="4.860" /></testsuite></testsuites>